
*** Running vivado
    with args -log design_1_HammingCounter_0_0.vds -m64 -product Vivado -mode batch -messageDb vivado.pb -notrace -source design_1_HammingCounter_0_0.tcl


****** Vivado v2018.3 (64-bit)
  **** SW Build 2405991 on Thu Dec  6 23:38:27 MST 2018
  **** IP Build 2404404 on Fri Dec  7 01:43:56 MST 2018
    ** Copyright 1986-2018 Xilinx, Inc. All Rights Reserved.

source design_1_HammingCounter_0_0.tcl -notrace
create_project: Time (s): cpu = 00:00:02 ; elapsed = 00:00:10 . Memory (MB): peak = 320.359 ; gain = 77.715
Command: synth_design -top design_1_HammingCounter_0_0 -part xc7a100tcsg324-1 -mode out_of_context
Starting synth_design
Attempting to get a license for feature 'Synthesis' and/or device 'xc7a100t'
INFO: [Common 17-349] Got license for feature 'Synthesis' and/or device 'xc7a100t'
INFO: Launching helper process for spawning children vivado processes
INFO: Helper process launched with PID 4340 
---------------------------------------------------------------------------------
Starting RTL Elaboration : Time (s): cpu = 00:00:05 ; elapsed = 00:00:08 . Memory (MB): peak = 468.809 ; gain = 104.055
---------------------------------------------------------------------------------
INFO: [Synth 8-638] synthesizing module 'design_1_HammingCounter_0_0' [d:/aulas/cr/projects/projecto/SortWeights_4/SortWeights_4.srcs/sources_1/bd/design_1/ip/design_1_HammingCounter_0_0/synth/design_1_HammingCounter_0_0.vhd:65]
	Parameter NELEMS bound to: 100 - type: integer 
	Parameter DATA_WIDTH bound to: 9 - type: integer 
	Parameter OUT_WIDTH bound to: 4 - type: integer 
INFO: [Synth 8-3491] module 'HammingCounter' declared at 'D:/aulas/cr/projects/projecto/SortWeights_4/SortWeights_4.srcs/sources_1/new/HammingCounter.vhd:6' bound to instance 'U0' of component 'HammingCounter' [d:/aulas/cr/projects/projecto/SortWeights_4/SortWeights_4.srcs/sources_1/bd/design_1/ip/design_1_HammingCounter_0_0/synth/design_1_HammingCounter_0_0.vhd:90]
INFO: [Synth 8-638] synthesizing module 'HammingCounter' [D:/aulas/cr/projects/projecto/SortWeights_4/SortWeights_4.srcs/sources_1/new/HammingCounter.vhd:19]
	Parameter NELEMS bound to: 100 - type: integer 
	Parameter DATA_WIDTH bound to: 9 - type: integer 
	Parameter OUT_WIDTH bound to: 4 - type: integer 
INFO: [Synth 8-256] done synthesizing module 'HammingCounter' (1#1) [D:/aulas/cr/projects/projecto/SortWeights_4/SortWeights_4.srcs/sources_1/new/HammingCounter.vhd:19]
INFO: [Synth 8-256] done synthesizing module 'design_1_HammingCounter_0_0' (2#1) [d:/aulas/cr/projects/projecto/SortWeights_4/SortWeights_4.srcs/sources_1/bd/design_1/ip/design_1_HammingCounter_0_0/synth/design_1_HammingCounter_0_0.vhd:65]
---------------------------------------------------------------------------------
Finished RTL Elaboration : Time (s): cpu = 00:00:11 ; elapsed = 00:00:15 . Memory (MB): peak = 565.336 ; gain = 200.582
---------------------------------------------------------------------------------

Report Check Netlist: 
+------+------------------+-------+---------+-------+------------------+
|      |Item              |Errors |Warnings |Status |Description       |
+------+------------------+-------+---------+-------+------------------+
|1     |multi_driven_nets |      0|        0|Passed |Multi driven nets |
+------+------------------+-------+---------+-------+------------------+
---------------------------------------------------------------------------------
Start Handling Custom Attributes
---------------------------------------------------------------------------------
---------------------------------------------------------------------------------
Finished Handling Custom Attributes : Time (s): cpu = 00:00:12 ; elapsed = 00:00:17 . Memory (MB): peak = 565.336 ; gain = 200.582
---------------------------------------------------------------------------------
---------------------------------------------------------------------------------
Finished RTL Optimization Phase 1 : Time (s): cpu = 00:00:12 ; elapsed = 00:00:17 . Memory (MB): peak = 565.336 ; gain = 200.582
---------------------------------------------------------------------------------
INFO: [Device 21-403] Loading part xc7a100tcsg324-1
INFO: [Project 1-570] Preparing netlist for logic optimization

Processing XDC Constraints
Initializing timing engine
Completed Processing XDC Constraints

Netlist sorting complete. Time (s): cpu = 00:00:00 ; elapsed = 00:00:00.001 . Memory (MB): peak = 909.000 ; gain = 0.000
INFO: [Project 1-111] Unisim Transformation Summary:
No Unisim elements were transformed.

Netlist sorting complete. Time (s): cpu = 00:00:00 ; elapsed = 00:00:00.001 . Memory (MB): peak = 909.000 ; gain = 0.000
WARNING: [Constraints 18-5210] No constraints selected for write.
Resolution: This message can indicate that there are no constraints for the design, or it can indicate that the used_in flags are set such that the constraints are ignored. This later case is used when running synth_design to not write synthesis constraints to the resulting checkpoint. Instead, project constraints are read when the synthesized design is opened.
Constraint Validation Runtime : Time (s): cpu = 00:00:01 ; elapsed = 00:00:01 . Memory (MB): peak = 920.191 ; gain = 11.191
---------------------------------------------------------------------------------
Finished Constraint Validation : Time (s): cpu = 00:00:33 ; elapsed = 00:00:43 . Memory (MB): peak = 920.191 ; gain = 555.438
---------------------------------------------------------------------------------
---------------------------------------------------------------------------------
Start Loading Part and Timing Information
---------------------------------------------------------------------------------
Loading part: xc7a100tcsg324-1
---------------------------------------------------------------------------------
Finished Loading Part and Timing Information : Time (s): cpu = 00:00:33 ; elapsed = 00:00:43 . Memory (MB): peak = 920.191 ; gain = 555.438
---------------------------------------------------------------------------------
---------------------------------------------------------------------------------
Start Applying 'set_property' XDC Constraints
---------------------------------------------------------------------------------
---------------------------------------------------------------------------------
Finished applying 'set_property' XDC Constraints : Time (s): cpu = 00:00:33 ; elapsed = 00:00:43 . Memory (MB): peak = 920.191 ; gain = 555.438
---------------------------------------------------------------------------------
WARNING: [Synth 8-327] inferring latch for variable 'data_out_reg' [D:/aulas/cr/projects/projecto/SortWeights_4/SortWeights_4.srcs/sources_1/new/HammingCounter.vhd:39]
---------------------------------------------------------------------------------
Finished RTL Optimization Phase 2 : Time (s): cpu = 00:00:38 ; elapsed = 00:00:48 . Memory (MB): peak = 920.191 ; gain = 555.438
---------------------------------------------------------------------------------

Report RTL Partitions: 
+-+--------------+------------+----------+
| |RTL Partition |Replication |Instances |
+-+--------------+------------+----------+
+-+--------------+------------+----------+
---------------------------------------------------------------------------------
Start RTL Component Statistics 
---------------------------------------------------------------------------------
Detailed RTL Component Info : 
+---Adders : 
	   8 Input     32 Bit       Adders := 100   
	   2 Input      3 Bit       Adders := 100   
+---Muxes : 
	   2 Input      4 Bit        Muxes := 100   
	   2 Input      2 Bit        Muxes := 1     
---------------------------------------------------------------------------------
Finished RTL Component Statistics 
---------------------------------------------------------------------------------
---------------------------------------------------------------------------------
Start RTL Hierarchical Component Statistics 
---------------------------------------------------------------------------------
Hierarchical RTL Component report 
Module HammingCounter 
Detailed RTL Component Info : 
+---Adders : 
	   8 Input     32 Bit       Adders := 100   
	   2 Input      3 Bit       Adders := 100   
+---Muxes : 
	   2 Input      4 Bit        Muxes := 100   
	   2 Input      2 Bit        Muxes := 1     
---------------------------------------------------------------------------------
Finished RTL Hierarchical Component Statistics
---------------------------------------------------------------------------------
---------------------------------------------------------------------------------
Start Part Resource Summary
---------------------------------------------------------------------------------
Part Resources:
DSPs: 240 (col length:80)
BRAMs: 270 (col length: RAMB18 80 RAMB36 40)
---------------------------------------------------------------------------------
Finished Part Resource Summary
---------------------------------------------------------------------------------
---------------------------------------------------------------------------------
Start Cross Boundary and Area Optimization
---------------------------------------------------------------------------------
Warning: Parallel synthesis criteria is not met 
---------------------------------------------------------------------------------
Finished Cross Boundary and Area Optimization : Time (s): cpu = 00:00:45 ; elapsed = 00:00:57 . Memory (MB): peak = 920.191 ; gain = 555.438
---------------------------------------------------------------------------------

Report RTL Partitions: 
+-+--------------+------------+----------+
| |RTL Partition |Replication |Instances |
+-+--------------+------------+----------+
+-+--------------+------------+----------+
---------------------------------------------------------------------------------
Start Applying XDC Timing Constraints
---------------------------------------------------------------------------------
---------------------------------------------------------------------------------
Finished Applying XDC Timing Constraints : Time (s): cpu = 00:01:02 ; elapsed = 00:01:16 . Memory (MB): peak = 920.191 ; gain = 555.438
---------------------------------------------------------------------------------
---------------------------------------------------------------------------------
Start Timing Optimization
---------------------------------------------------------------------------------
---------------------------------------------------------------------------------
Finished Timing Optimization : Time (s): cpu = 00:01:02 ; elapsed = 00:01:16 . Memory (MB): peak = 920.191 ; gain = 555.438
---------------------------------------------------------------------------------

Report RTL Partitions: 
+-+--------------+------------+----------+
| |RTL Partition |Replication |Instances |
+-+--------------+------------+----------+
+-+--------------+------------+----------+
---------------------------------------------------------------------------------
Start Technology Mapping
---------------------------------------------------------------------------------
---------------------------------------------------------------------------------
Finished Technology Mapping : Time (s): cpu = 00:01:03 ; elapsed = 00:01:18 . Memory (MB): peak = 950.496 ; gain = 585.742
---------------------------------------------------------------------------------

Report RTL Partitions: 
+-+--------------+------------+----------+
| |RTL Partition |Replication |Instances |
+-+--------------+------------+----------+
+-+--------------+------------+----------+
---------------------------------------------------------------------------------
Start IO Insertion
---------------------------------------------------------------------------------
---------------------------------------------------------------------------------
Start Flattening Before IO Insertion
---------------------------------------------------------------------------------
---------------------------------------------------------------------------------
Finished Flattening Before IO Insertion
---------------------------------------------------------------------------------
---------------------------------------------------------------------------------
Start Final Netlist Cleanup
---------------------------------------------------------------------------------
---------------------------------------------------------------------------------
Finished Final Netlist Cleanup
---------------------------------------------------------------------------------
---------------------------------------------------------------------------------
Finished IO Insertion : Time (s): cpu = 00:01:06 ; elapsed = 00:01:21 . Memory (MB): peak = 950.496 ; gain = 585.742
---------------------------------------------------------------------------------

Report Check Netlist: 
+------+------------------+-------+---------+-------+------------------+
|      |Item              |Errors |Warnings |Status |Description       |
+------+------------------+-------+---------+-------+------------------+
|1     |multi_driven_nets |      0|        0|Passed |Multi driven nets |
+------+------------------+-------+---------+-------+------------------+
---------------------------------------------------------------------------------
Start Renaming Generated Instances
---------------------------------------------------------------------------------
---------------------------------------------------------------------------------
Finished Renaming Generated Instances : Time (s): cpu = 00:01:06 ; elapsed = 00:01:21 . Memory (MB): peak = 950.496 ; gain = 585.742
---------------------------------------------------------------------------------

Report RTL Partitions: 
+-+--------------+------------+----------+
| |RTL Partition |Replication |Instances |
+-+--------------+------------+----------+
+-+--------------+------------+----------+
---------------------------------------------------------------------------------
Start Rebuilding User Hierarchy
---------------------------------------------------------------------------------
---------------------------------------------------------------------------------
Finished Rebuilding User Hierarchy : Time (s): cpu = 00:01:06 ; elapsed = 00:01:22 . Memory (MB): peak = 950.496 ; gain = 585.742
---------------------------------------------------------------------------------
---------------------------------------------------------------------------------
Start Renaming Generated Ports
---------------------------------------------------------------------------------
---------------------------------------------------------------------------------
Finished Renaming Generated Ports : Time (s): cpu = 00:01:06 ; elapsed = 00:01:22 . Memory (MB): peak = 950.496 ; gain = 585.742
---------------------------------------------------------------------------------
---------------------------------------------------------------------------------
Start Handling Custom Attributes
---------------------------------------------------------------------------------
---------------------------------------------------------------------------------
Finished Handling Custom Attributes : Time (s): cpu = 00:01:07 ; elapsed = 00:01:22 . Memory (MB): peak = 950.496 ; gain = 585.742
---------------------------------------------------------------------------------
---------------------------------------------------------------------------------
Start Renaming Generated Nets
---------------------------------------------------------------------------------
---------------------------------------------------------------------------------
Finished Renaming Generated Nets : Time (s): cpu = 00:01:07 ; elapsed = 00:01:22 . Memory (MB): peak = 950.496 ; gain = 585.742
---------------------------------------------------------------------------------
---------------------------------------------------------------------------------
Start Writing Synthesis Report
---------------------------------------------------------------------------------

Report BlackBoxes: 
+-+--------------+----------+
| |BlackBox name |Instances |
+-+--------------+----------+
+-+--------------+----------+

Report Cell Usage: 
+------+-----+------+
|      |Cell |Count |
+------+-----+------+
|1     |LUT2 |   100|
|2     |LUT3 |   300|
|3     |LUT4 |   100|
|4     |LUT5 |   100|
|5     |LUT6 |   500|
|6     |LD   |   400|
+------+-----+------+

Report Instance Areas: 
+------+---------+---------------+------+
|      |Instance |Module         |Cells |
+------+---------+---------------+------+
|1     |top      |               |  1500|
|2     |  U0     |HammingCounter |  1500|
+------+---------+---------------+------+
---------------------------------------------------------------------------------
Finished Writing Synthesis Report : Time (s): cpu = 00:01:07 ; elapsed = 00:01:22 . Memory (MB): peak = 950.496 ; gain = 585.742
---------------------------------------------------------------------------------
Synthesis finished with 0 errors, 0 critical warnings and 1 warnings.
Synthesis Optimization Runtime : Time (s): cpu = 00:00:39 ; elapsed = 00:01:03 . Memory (MB): peak = 950.496 ; gain = 230.887
Synthesis Optimization Complete : Time (s): cpu = 00:01:07 ; elapsed = 00:01:22 . Memory (MB): peak = 950.496 ; gain = 585.742
INFO: [Project 1-571] Translating synthesized netlist
INFO: [Netlist 29-17] Analyzing 400 Unisim elements for replacement
INFO: [Netlist 29-28] Unisim Transformation completed in 0 CPU seconds
WARNING: [Netlist 29-101] Netlist 'design_1_HammingCounter_0_0' is not ideal for floorplanning, since the cellview 'HammingCounter' contains a large number of primitives.  Please consider enabling hierarchy in synthesis if you want to do floorplanning.
INFO: [Project 1-570] Preparing netlist for logic optimization
INFO: [Opt 31-138] Pushed 0 inverter(s) to 0 load pin(s).
Netlist sorting complete. Time (s): cpu = 00:00:00 ; elapsed = 00:00:00.001 . Memory (MB): peak = 950.496 ; gain = 0.000
INFO: [Project 1-111] Unisim Transformation Summary:
  A total of 400 instances were transformed.
  LD => LDCE: 400 instances

INFO: [Common 17-83] Releasing license: Synthesis
16 Infos, 3 Warnings, 0 Critical Warnings and 0 Errors encountered.
synth_design completed successfully
synth_design: Time (s): cpu = 00:01:11 ; elapsed = 00:01:31 . Memory (MB): peak = 950.496 ; gain = 598.418
Netlist sorting complete. Time (s): cpu = 00:00:00 ; elapsed = 00:00:00.002 . Memory (MB): peak = 950.496 ; gain = 0.000
WARNING: [Constraints 18-5210] No constraints selected for write.
Resolution: This message can indicate that there are no constraints for the design, or it can indicate that the used_in flags are set such that the constraints are ignored. This later case is used when running synth_design to not write synthesis constraints to the resulting checkpoint. Instead, project constraints are read when the synthesized design is opened.
INFO: [Common 17-1381] The checkpoint 'D:/aulas/cr/projects/projecto/SortWeights_4/SortWeights_4.runs/design_1_HammingCounter_0_0_synth_1/design_1_HammingCounter_0_0.dcp' has been generated.
Netlist sorting complete. Time (s): cpu = 00:00:00 ; elapsed = 00:00:00.001 . Memory (MB): peak = 950.496 ; gain = 0.000
WARNING: [Constraints 18-5210] No constraints selected for write.
Resolution: This message can indicate that there are no constraints for the design, or it can indicate that the used_in flags are set such that the constraints are ignored. This later case is used when running synth_design to not write synthesis constraints to the resulting checkpoint. Instead, project constraints are read when the synthesized design is opened.
INFO: [Common 17-1381] The checkpoint 'D:/aulas/cr/projects/projecto/SortWeights_4/SortWeights_4.runs/design_1_HammingCounter_0_0_synth_1/design_1_HammingCounter_0_0.dcp' has been generated.
INFO: [runtcl-4] Executing : report_utilization -file design_1_HammingCounter_0_0_utilization_synth.rpt -pb design_1_HammingCounter_0_0_utilization_synth.pb
INFO: [Common 17-206] Exiting Vivado at Wed May 29 06:34:09 2019...
