23:46:08 INFO  : Registering command handlers for SDK TCF services
23:46:19 INFO  : Launching XSCT server: xsct.bat -interactive D:\aulas\cr\projects\p09\project\project.sdk\temp_xsdb_launch_script.tcl
23:46:42 INFO  : XSCT server has started successfully.
23:46:49 INFO  : Processing command line option -hwspec D:/aulas/cr/projects/p09/project/project.sdk/design_1_wrapper.hdf.
23:46:49 INFO  : Successfully done setting XSCT server connection channel  
23:46:49 INFO  : Successfully done setting SDK workspace  
03:52:36 INFO  : Launching XSCT server: xsct.bat -interactive D:\aulas\cr\projects\p09\project\project.sdk\temp_xsdb_launch_script.tcl
03:52:44 INFO  : XSCT server has started successfully.
03:52:44 INFO  : Successfully done setting XSCT server connection channel  
03:53:01 INFO  : Successfully done setting SDK workspace  
03:53:05 INFO  : Registering command handlers for SDK TCF services
03:53:10 INFO  : Processing command line option -hwspec D:/aulas/cr/projects/p09/project/project.sdk/design_1_wrapper.hdf.
03:53:10 INFO  : Checking for hwspec changes in the project design_1_wrapper_hw_platform_0.
03:53:10 INFO  : SDK has detected change in the last modified timestamps for source hardware specification file Source:1558237800075,  Project:1557963623166
03:53:10 INFO  : The hardware specification for project 'design_1_wrapper_hw_platform_0' is different from D:/aulas/cr/projects/p09/project/project.sdk/design_1_wrapper.hdf.
03:53:11 INFO  : Copied contents of D:/aulas/cr/projects/p09/project/project.sdk/design_1_wrapper.hdf into \design_1_wrapper_hw_platform_0\system.hdf.
03:53:12 INFO  : Synchronizing projects in the workspace with the hardware platform specification changes.
03:53:12 INFO  : Clearing existing target manager status.
03:53:12 INFO  : Workspace synchronized with the new hardware specification file. Cleaning dependent projects...
03:53:12 WARN  : Linker script will not be updated automatically. Users need to update it manually.
20:45:03 INFO  : Registering command handlers for SDK TCF services
20:45:06 INFO  : Launching XSCT server: xsct.bat -interactive D:\aulas\cr\projects\p09\project\project.sdk\temp_xsdb_launch_script.tcl
20:45:15 INFO  : XSCT server has started successfully.
20:45:27 INFO  : Successfully done setting XSCT server connection channel  
20:45:27 INFO  : Successfully done setting SDK workspace  
20:45:27 INFO  : Processing command line option -hwspec D:/aulas/cr/projects/p09/project/project.sdk/design_1_wrapper.hdf.
20:45:27 INFO  : Checking for hwspec changes in the project design_1_wrapper_hw_platform_0.
20:45:34 INFO  : SDK has detected change in the last modified timestamps for source hardware specification file Source:1558298301749,  Project:1558237800075
20:45:34 INFO  : The hardware specification for project 'design_1_wrapper_hw_platform_0' is different from D:/aulas/cr/projects/p09/project/project.sdk/design_1_wrapper.hdf.
20:45:34 INFO  : Copied contents of D:/aulas/cr/projects/p09/project/project.sdk/design_1_wrapper.hdf into \design_1_wrapper_hw_platform_0\system.hdf.
20:45:35 INFO  : Synchronizing projects in the workspace with the hardware platform specification changes.
20:45:35 INFO  : Clearing existing target manager status.
20:45:35 INFO  : Workspace synchronized with the new hardware specification file. Cleaning dependent projects...
20:45:35 WARN  : Linker script will not be updated automatically. Users need to update it manually.
03:29:15 INFO  : Launching XSCT server: xsct.bat -interactive D:\aulas\cr\projects\p09\project\project.sdk\temp_xsdb_launch_script.tcl
03:29:27 INFO  : XSCT server has started successfully.
03:29:37 INFO  : Successfully done setting XSCT server connection channel  
03:29:37 INFO  : Successfully done setting SDK workspace  
03:29:53 INFO  : Registering command handlers for SDK TCF services
03:29:53 INFO  : Processing command line option -hwspec D:/aulas/cr/projects/p09/project/project.sdk/design_1_wrapper.hdf.
03:29:54 INFO  : Checking for hwspec changes in the project design_1_wrapper_hw_platform_0.
16:09:47 INFO  : Launching XSCT server: xsct.bat -interactive D:\aulas\cr\projects\p09\project\project.sdk\temp_xsdb_launch_script.tcl
16:09:54 INFO  : XSCT server has started successfully.
16:09:55 INFO  : Successfully done setting XSCT server connection channel  
16:10:05 INFO  : Successfully done setting SDK workspace  
16:10:22 INFO  : Registering command handlers for SDK TCF services
16:10:22 INFO  : Processing command line option -hwspec D:/aulas/cr/projects/p09/project/project.sdk/design_1_wrapper.hdf.
16:10:22 INFO  : Checking for hwspec changes in the project design_1_wrapper_hw_platform_0.
17:13:14 INFO  : Registering command handlers for SDK TCF services
17:13:16 INFO  : Launching XSCT server: xsct.bat -interactive D:\aulas\cr\projects\p09\project\project.sdk\temp_xsdb_launch_script.tcl
17:13:26 INFO  : XSCT server has started successfully.
17:13:37 INFO  : Successfully done setting XSCT server connection channel  
17:13:37 INFO  : Processing command line option -hwspec D:/aulas/cr/projects/p09/project/project.sdk/design_1_wrapper.hdf.
17:13:37 INFO  : Successfully done setting SDK workspace  
17:13:37 INFO  : Checking for hwspec changes in the project design_1_wrapper_hw_platform_0.
17:13:47 INFO  : SDK has detected change in the last modified timestamps for source hardware specification file Source:1558631376298,  Project:1558298301749
17:13:47 INFO  : The hardware specification for project 'design_1_wrapper_hw_platform_0' is different from D:/aulas/cr/projects/p09/project/project.sdk/design_1_wrapper.hdf.
17:13:47 INFO  : Copied contents of D:/aulas/cr/projects/p09/project/project.sdk/design_1_wrapper.hdf into \design_1_wrapper_hw_platform_0\system.hdf.
17:13:48 INFO  : Synchronizing projects in the workspace with the hardware platform specification changes.
17:13:48 INFO  : Clearing existing target manager status.
17:13:48 INFO  : Workspace synchronized with the new hardware specification file. Cleaning dependent projects...
17:13:48 WARN  : Linker script will not be updated automatically. Users need to update it manually.
17:33:45 INFO  : Connected to target on host '127.0.0.1' and port '3121'.
17:33:48 INFO  : Jtag cable 'Digilent Nexys4 210274505292A' is selected.
17:33:48 INFO  : 'jtag frequency' command is executed.
17:33:48 INFO  : 'targets -set -filter {jtag_cable_name =~ "Digilent Nexys4 210274505292A" && level==0} -index 0' command is executed.
17:33:51 INFO  : FPGA configured successfully with bitstream "D:/aulas/cr/projects/p09/project/project.sdk/design_1_wrapper_hw_platform_0/design_1_wrapper.bit"
17:33:51 INFO  : 'configparams mdm-detect-bscan-mask 2' command is executed.
17:33:51 INFO  : ----------------XSDB Script----------------
connect -url tcp:127.0.0.1:3121
targets -set -filter {jtag_cable_name =~ "Digilent Nexys4 210274505292A" && level==0} -index 0
fpga -file D:/aulas/cr/projects/p09/project/project.sdk/design_1_wrapper_hw_platform_0/design_1_wrapper.bit
configparams mdm-detect-bscan-mask 2
----------------End of Script----------------

17:33:52 INFO  : Memory regions updated for context MicroBlaze #0
17:33:52 INFO  : Memory regions updated for context MicroBlaze Debug Module at USER2
17:33:52 INFO  : Launch script is exported to file 'D:\aulas\cr\projects\p09\project\project.sdk\.sdk\launch_scripts\xilinx_c-c++_application_(system_debugger)\system_debugger_on_local.tcl'
17:34:39 INFO  : Disconnected from the channel tcfchan#1.
17:34:40 INFO  : Connected to target on host '127.0.0.1' and port '3121'.
17:34:41 INFO  : Jtag cable 'Digilent Nexys4 210274505292A' is selected.
17:34:41 INFO  : 'jtag frequency' command is executed.
17:34:41 INFO  : 'targets -set -filter {jtag_cable_name =~ "Digilent Nexys4 210274505292A" && level==0} -index 0' command is executed.
17:34:43 INFO  : FPGA configured successfully with bitstream "D:/aulas/cr/projects/p09/project/project.sdk/design_1_wrapper_hw_platform_0/design_1_wrapper.bit"
17:34:43 INFO  : 'configparams mdm-detect-bscan-mask 2' command is executed.
17:34:43 INFO  : ----------------XSDB Script----------------
connect -url tcp:127.0.0.1:3121
targets -set -filter {jtag_cable_name =~ "Digilent Nexys4 210274505292A" && level==0} -index 0
fpga -file D:/aulas/cr/projects/p09/project/project.sdk/design_1_wrapper_hw_platform_0/design_1_wrapper.bit
configparams mdm-detect-bscan-mask 2
----------------End of Script----------------

17:34:43 INFO  : Memory regions updated for context MicroBlaze #0
17:34:43 INFO  : Memory regions updated for context MicroBlaze Debug Module at USER2
17:34:43 INFO  : Launch script is exported to file 'D:\aulas\cr\projects\p09\project\project.sdk\.sdk\launch_scripts\xilinx_c-c++_application_(system_debugger)\system_debugger_on_local.tcl'
17:36:12 INFO  : Connected to target on host '127.0.0.1' and port '3121'.
17:36:43 INFO  : Disconnected from the channel tcfchan#2.
17:36:44 INFO  : 'targets -set -filter {jtag_cable_name =~ "Digilent Nexys4 210274505292A" && level==0} -index 0' command is executed.
17:36:44 INFO  : 'fpga -state' command is executed.
17:36:44 INFO  : Connected to target on host '127.0.0.1' and port '3121'.
17:36:44 INFO  : Jtag cable 'Digilent Nexys4 210274505292A' is selected.
17:36:44 INFO  : 'jtag frequency' command is executed.
17:36:44 INFO  : 'configparams mdm-detect-bscan-mask 2' command is executed.
17:36:44 INFO  : ----------------XSDB Script----------------
connect -url tcp:127.0.0.1:3121
configparams mdm-detect-bscan-mask 2
----------------End of Script----------------

17:36:44 INFO  : Memory regions updated for context MicroBlaze #0
17:36:44 INFO  : Memory regions updated for context MicroBlaze Debug Module at USER2
17:36:44 INFO  : Launch script is exported to file 'D:\aulas\cr\projects\p09\project\project.sdk\.sdk\launch_scripts\xilinx_c-c++_application_(system_debugger)\system_debugger_on_local.tcl'
17:40:24 INFO  : 'targets -set -filter {jtag_cable_name =~ "Digilent Nexys4 210274505292A" && level==0} -index 0' command is executed.
17:40:24 INFO  : 'fpga -state' command is executed.
17:40:24 INFO  : Connected to target on host '127.0.0.1' and port '3121'.
17:40:24 INFO  : Jtag cable 'Digilent Nexys4 210274505292A' is selected.
17:40:24 INFO  : 'jtag frequency' command is executed.
17:40:24 INFO  : 'configparams mdm-detect-bscan-mask 2' command is executed.
17:40:24 INFO  : ----------------XSDB Script----------------
connect -url tcp:127.0.0.1:3121
configparams mdm-detect-bscan-mask 2
----------------End of Script----------------

17:40:24 INFO  : Disconnected from the channel tcfchan#3.
17:40:51 INFO  : Connected to target on host '127.0.0.1' and port '3121'.
17:40:51 INFO  : Jtag cable 'Digilent Nexys4 210274505292A' is selected.
17:40:51 INFO  : 'jtag frequency' command is executed.
17:40:51 INFO  : 'targets -set -filter {jtag_cable_name =~ "Digilent Nexys4 210274505292A" && level==0} -index 0' command is executed.
17:40:53 INFO  : FPGA configured successfully with bitstream "D:/aulas/cr/projects/p09/project/project.sdk/design_1_wrapper_hw_platform_0/design_1_wrapper.bit"
17:40:54 INFO  : 'configparams mdm-detect-bscan-mask 2' command is executed.
17:40:54 INFO  : ----------------XSDB Script----------------
connect -url tcp:127.0.0.1:3121
targets -set -filter {jtag_cable_name =~ "Digilent Nexys4 210274505292A" && level==0} -index 0
fpga -file D:/aulas/cr/projects/p09/project/project.sdk/design_1_wrapper_hw_platform_0/design_1_wrapper.bit
configparams mdm-detect-bscan-mask 2
----------------End of Script----------------

17:40:54 INFO  : Disconnected from the channel tcfchan#4.
17:41:59 INFO  : Connected to target on host '127.0.0.1' and port '3121'.
17:41:59 INFO  : Jtag cable 'Digilent Nexys4 210274505292A' is selected.
17:41:59 INFO  : 'jtag frequency' command is executed.
17:41:59 INFO  : 'targets -set -filter {jtag_cable_name =~ "Digilent Nexys4 210274505292A" && level==0} -index 0' command is executed.
17:42:02 INFO  : FPGA configured successfully with bitstream "D:/aulas/cr/projects/p09/project/project.sdk/design_1_wrapper_hw_platform_0/design_1_wrapper.bit"
17:42:02 INFO  : 'configparams mdm-detect-bscan-mask 2' command is executed.
17:42:02 INFO  : ----------------XSDB Script----------------
connect -url tcp:127.0.0.1:3121
targets -set -filter {jtag_cable_name =~ "Digilent Nexys4 210274505292A" && level==0} -index 0
fpga -file D:/aulas/cr/projects/p09/project/project.sdk/design_1_wrapper_hw_platform_0/design_1_wrapper.bit
configparams mdm-detect-bscan-mask 2
----------------End of Script----------------

17:42:02 INFO  : Disconnected from the channel tcfchan#5.
17:42:37 WARN  : channel "tcfchan#3" closed
17:42:39 INFO  : 'targets -set -filter {jtag_cable_name =~ "Digilent Nexys4 210274505292A" && level==0} -index 0' command is executed.
17:42:39 INFO  : 'fpga -state' command is executed.
17:42:39 INFO  : Connected to target on host '127.0.0.1' and port '3121'.
17:42:39 INFO  : Jtag cable 'Digilent Nexys4 210274505292A' is selected.
17:42:39 INFO  : 'jtag frequency' command is executed.
17:42:39 INFO  : 'configparams mdm-detect-bscan-mask 2' command is executed.
17:42:39 INFO  : ----------------XSDB Script----------------
connect -url tcp:127.0.0.1:3121
configparams mdm-detect-bscan-mask 2
----------------End of Script----------------

17:42:39 INFO  : Memory regions updated for context MicroBlaze #0
17:42:39 INFO  : Memory regions updated for context MicroBlaze Debug Module at USER2
17:42:39 INFO  : Launch script is exported to file 'D:\aulas\cr\projects\p09\project\project.sdk\.sdk\launch_scripts\xilinx_c-c++_application_(system_debugger)\system_debugger_on_local.tcl'
17:43:48 INFO  : 'targets -set -filter {jtag_cable_name =~ "Digilent Nexys4 210274505292A" && level==0} -index 0' command is executed.
17:43:48 INFO  : 'fpga -state' command is executed.
17:43:48 INFO  : Connected to target on host '127.0.0.1' and port '3121'.
17:43:48 INFO  : Jtag cable 'Digilent Nexys4 210274505292A' is selected.
17:43:48 INFO  : 'jtag frequency' command is executed.
17:43:48 INFO  : 'configparams mdm-detect-bscan-mask 2' command is executed.
17:43:48 INFO  : ----------------XSDB Script----------------
connect -url tcp:127.0.0.1:3121
configparams mdm-detect-bscan-mask 2
----------------End of Script----------------

17:43:48 INFO  : Disconnected from the channel tcfchan#6.
17:43:52 WARN  : channel "tcfchan#6" closed
17:43:53 INFO  : 'targets -set -filter {jtag_cable_name =~ "Digilent Nexys4 210274505292A" && level==0} -index 0' command is executed.
17:43:53 INFO  : 'fpga -state' command is executed.
17:43:53 INFO  : Connected to target on host '127.0.0.1' and port '3121'.
17:43:54 INFO  : Jtag cable 'Digilent Nexys4 210274505292A' is selected.
17:43:54 INFO  : 'jtag frequency' command is executed.
17:43:54 INFO  : 'configparams mdm-detect-bscan-mask 2' command is executed.
17:43:54 INFO  : ----------------XSDB Script----------------
connect -url tcp:127.0.0.1:3121
configparams mdm-detect-bscan-mask 2
----------------End of Script----------------

17:43:54 INFO  : Memory regions updated for context MicroBlaze #0
17:43:54 INFO  : Memory regions updated for context MicroBlaze Debug Module at USER2
17:43:54 INFO  : Launch script is exported to file 'D:\aulas\cr\projects\p09\project\project.sdk\.sdk\launch_scripts\xilinx_c-c++_application_(system_debugger)\system_debugger_on_local.tcl'
17:43:59 INFO  : 'targets -set -filter {jtag_cable_name =~ "Digilent Nexys4 210274505292A" && level==0} -index 0' command is executed.
17:43:59 INFO  : 'fpga -state' command is executed.
17:43:59 INFO  : Connected to target on host '127.0.0.1' and port '3121'.
17:44:00 INFO  : Jtag cable 'Digilent Nexys4 210274505292A' is selected.
17:44:00 INFO  : 'jtag frequency' command is executed.
17:44:00 INFO  : 'configparams mdm-detect-bscan-mask 2' command is executed.
17:44:00 INFO  : ----------------XSDB Script----------------
connect -url tcp:127.0.0.1:3121
configparams mdm-detect-bscan-mask 2
----------------End of Script----------------

17:44:00 INFO  : Disconnected from the channel tcfchan#7.
17:44:45 INFO  : Connected to target on host '127.0.0.1' and port '3121'.
17:44:46 INFO  : Jtag cable 'Digilent Nexys4 210274505292A' is selected.
17:44:46 INFO  : 'jtag frequency' command is executed.
17:44:46 INFO  : 'targets -set -filter {jtag_cable_name =~ "Digilent Nexys4 210274505292A" && level==0} -index 0' command is executed.
17:44:48 INFO  : FPGA configured successfully with bitstream "D:/aulas/cr/projects/p09/project/project.sdk/design_1_wrapper_hw_platform_0/design_1_wrapper.bit"
17:44:48 INFO  : 'configparams mdm-detect-bscan-mask 2' command is executed.
17:44:48 INFO  : ----------------XSDB Script----------------
connect -url tcp:127.0.0.1:3121
targets -set -filter {jtag_cable_name =~ "Digilent Nexys4 210274505292A" && level==0} -index 0
fpga -file D:/aulas/cr/projects/p09/project/project.sdk/design_1_wrapper_hw_platform_0/design_1_wrapper.bit
configparams mdm-detect-bscan-mask 2
----------------End of Script----------------

17:44:48 INFO  : Disconnected from the channel tcfchan#8.
17:45:00 WARN  : channel "tcfchan#7" closed
17:45:01 INFO  : Connected to target on host '127.0.0.1' and port '3121'.
17:45:01 INFO  : Jtag cable 'Digilent Nexys4 210274505292A' is selected.
17:45:01 INFO  : 'jtag frequency' command is executed.
17:45:02 INFO  : 'targets -set -filter {jtag_cable_name =~ "Digilent Nexys4 210274505292A" && level==0} -index 0' command is executed.
17:45:04 INFO  : FPGA configured successfully with bitstream "D:/aulas/cr/projects/p09/project/project.sdk/design_1_wrapper_hw_platform_0/design_1_wrapper.bit"
17:45:04 INFO  : 'configparams mdm-detect-bscan-mask 2' command is executed.
17:45:04 INFO  : ----------------XSDB Script----------------
connect -url tcp:127.0.0.1:3121
targets -set -filter {jtag_cable_name =~ "Digilent Nexys4 210274505292A" && level==0} -index 0
fpga -file D:/aulas/cr/projects/p09/project/project.sdk/design_1_wrapper_hw_platform_0/design_1_wrapper.bit
configparams mdm-detect-bscan-mask 2
----------------End of Script----------------

17:45:04 INFO  : Memory regions updated for context MicroBlaze #0
17:45:04 INFO  : Memory regions updated for context MicroBlaze Debug Module at USER2
17:45:04 INFO  : Launch script is exported to file 'D:\aulas\cr\projects\p09\project\project.sdk\.sdk\launch_scripts\xilinx_c-c++_application_(system_debugger)\system_debugger_on_local.tcl'
17:55:46 INFO  : 'targets -set -filter {jtag_cable_name =~ "Digilent Nexys4 210274505292A" && level==0} -index 0' command is executed.
17:55:46 INFO  : 'fpga -state' command is executed.
17:55:46 INFO  : Connected to target on host '127.0.0.1' and port '3121'.
17:55:47 INFO  : Jtag cable 'Digilent Nexys4 210274505292A' is selected.
17:55:47 INFO  : 'jtag frequency' command is executed.
17:55:47 INFO  : 'configparams mdm-detect-bscan-mask 2' command is executed.
17:55:47 INFO  : Context for processor 'microblaze_0' is selected.
17:55:47 ERROR : Cannot stop MicroBlaze. MicroBlaze is held in reset
17:55:47 INFO  : ----------------XSDB Script----------------
connect -url tcp:127.0.0.1:3121
configparams mdm-detect-bscan-mask 2
targets -set -nocase -filter {name =~ "microblaze*#0" && bscan=="USER2"  && jtag_cable_name =~ "Digilent Nexys4 210274505292A"} -index 0
rst -processor
----------------End of Script----------------

17:57:17 INFO  : 'targets -set -filter {jtag_cable_name =~ "Digilent Nexys4 210274505292A" && level==0} -index 0' command is executed.
17:57:17 INFO  : 'fpga -state' command is executed.
17:57:17 INFO  : Connected to target on host '127.0.0.1' and port '3121'.
17:57:18 INFO  : Jtag cable 'Digilent Nexys4 210274505292A' is selected.
17:57:18 INFO  : 'jtag frequency' command is executed.
17:57:18 INFO  : 'configparams mdm-detect-bscan-mask 2' command is executed.
17:57:18 INFO  : Context for processor 'microblaze_0' is selected.
17:57:18 INFO  : System reset is completed.
17:57:21 INFO  : 'after 3000' command is executed.
17:57:21 INFO  : Context for processor 'microblaze_0' is selected.
17:57:21 ERROR : Cannot stop MicroBlaze. MicroBlaze is held in reset
17:57:21 INFO  : ----------------XSDB Script----------------
connect -url tcp:127.0.0.1:3121
configparams mdm-detect-bscan-mask 2
targets -set -nocase -filter {name =~ "microblaze*#0" && bscan=="USER2"  && jtag_cable_name =~ "Digilent Nexys4 210274505292A"} -index 0
rst -system
after 3000
targets -set -nocase -filter {name =~ "microblaze*#0" && bscan=="USER2"  && jtag_cable_name =~ "Digilent Nexys4 210274505292A"} -index 0
dow D:/aulas/cr/projects/p09/project/project.sdk/First/Debug/First.elf
----------------End of Script----------------

17:57:55 INFO  : 'targets -set -filter {jtag_cable_name =~ "Digilent Nexys4 210274505292A" && level==0} -index 0' command is executed.
17:57:55 INFO  : 'fpga -state' command is executed.
17:57:55 INFO  : Connected to target on host '127.0.0.1' and port '3121'.
17:57:55 INFO  : Jtag cable 'Digilent Nexys4 210274505292A' is selected.
17:57:55 INFO  : 'jtag frequency' command is executed.
17:57:55 INFO  : 'configparams mdm-detect-bscan-mask 2' command is executed.
17:57:56 INFO  : Context for processor 'microblaze_0' is selected.
17:57:56 INFO  : Processor reset is completed for 'microblaze_0'.
17:57:56 INFO  : Context for processor 'microblaze_0' is selected.
17:57:56 INFO  : The application 'D:/aulas/cr/projects/p09/project/project.sdk/First/Debug/First.elf' is downloaded to processor 'microblaze_0'.
17:57:56 INFO  : ----------------XSDB Script----------------
connect -url tcp:127.0.0.1:3121
configparams mdm-detect-bscan-mask 2
targets -set -nocase -filter {name =~ "microblaze*#0" && bscan=="USER2"  && jtag_cable_name =~ "Digilent Nexys4 210274505292A"} -index 0
rst -processor
targets -set -nocase -filter {name =~ "microblaze*#0" && bscan=="USER2"  && jtag_cable_name =~ "Digilent Nexys4 210274505292A"} -index 0
dow D:/aulas/cr/projects/p09/project/project.sdk/First/Debug/First.elf
----------------End of Script----------------

17:57:56 INFO  : Context for processor 'microblaze_0' is selected.
17:57:56 INFO  : 'con' command is executed.
17:57:56 INFO  : ----------------XSDB Script (After Launch)----------------
targets -set -nocase -filter {name =~ "microblaze*#0" && bscan=="USER2"  && jtag_cable_name =~ "Digilent Nexys4 210274505292A"} -index 0
con
----------------End of Script----------------

17:57:57 INFO  : Disconnected from the channel tcfchan#9.
17:58:43 WARN  : channel "tcfchan#9" closed
17:58:45 INFO  : 'targets -set -filter {jtag_cable_name =~ "Digilent Nexys4 210274505292A" && level==0} -index 0' command is executed.
17:58:45 INFO  : 'fpga -state' command is executed.
17:58:45 INFO  : Connected to target on host '127.0.0.1' and port '3121'.
17:58:45 INFO  : Jtag cable 'Digilent Nexys4 210274505292A' is selected.
17:58:45 INFO  : 'jtag frequency' command is executed.
17:58:45 INFO  : 'configparams mdm-detect-bscan-mask 2' command is executed.
17:58:45 INFO  : ----------------XSDB Script----------------
connect -url tcp:127.0.0.1:3121
configparams mdm-detect-bscan-mask 2
----------------End of Script----------------

17:58:45 INFO  : Memory regions updated for context MicroBlaze #0
17:58:45 INFO  : Memory regions updated for context MicroBlaze Debug Module at USER2
17:58:45 INFO  : Launch script is exported to file 'D:\aulas\cr\projects\p09\project\project.sdk\.sdk\launch_scripts\xilinx_c-c++_application_(system_debugger)\system_debugger_on_local.tcl'
17:59:12 INFO  : 'targets -set -filter {jtag_cable_name =~ "Digilent Nexys4 210274505292A" && level==0} -index 0' command is executed.
17:59:12 INFO  : 'fpga -state' command is executed.
17:59:12 INFO  : Connected to target on host '127.0.0.1' and port '3121'.
17:59:12 INFO  : Jtag cable 'Digilent Nexys4 210274505292A' is selected.
17:59:12 INFO  : 'jtag frequency' command is executed.
17:59:12 INFO  : 'configparams mdm-detect-bscan-mask 2' command is executed.
17:59:13 INFO  : Context for processor 'microblaze_0' is selected.
17:59:13 INFO  : Processor reset is completed for 'microblaze_0'.
17:59:13 INFO  : Context for processor 'microblaze_0' is selected.
17:59:13 INFO  : The application 'D:/aulas/cr/projects/p09/project/project.sdk/First/Debug/First.elf' is downloaded to processor 'microblaze_0'.
17:59:13 INFO  : ----------------XSDB Script----------------
connect -url tcp:127.0.0.1:3121
configparams mdm-detect-bscan-mask 2
targets -set -nocase -filter {name =~ "microblaze*#0" && bscan=="USER2"  && jtag_cable_name =~ "Digilent Nexys4 210274505292A"} -index 0
rst -processor
targets -set -nocase -filter {name =~ "microblaze*#0" && bscan=="USER2"  && jtag_cable_name =~ "Digilent Nexys4 210274505292A"} -index 0
dow D:/aulas/cr/projects/p09/project/project.sdk/First/Debug/First.elf
----------------End of Script----------------

17:59:13 INFO  : Context for processor 'microblaze_0' is selected.
17:59:13 INFO  : 'con' command is executed.
17:59:13 INFO  : ----------------XSDB Script (After Launch)----------------
targets -set -nocase -filter {name =~ "microblaze*#0" && bscan=="USER2"  && jtag_cable_name =~ "Digilent Nexys4 210274505292A"} -index 0
con
----------------End of Script----------------

17:59:13 INFO  : Disconnected from the channel tcfchan#10.
17:59:44 INFO  : 'targets -set -filter {jtag_cable_name =~ "Digilent Nexys4 210274505292A" && level==0} -index 0' command is executed.
17:59:44 INFO  : 'fpga -state' command is executed.
17:59:44 INFO  : Connected to target on host '127.0.0.1' and port '3121'.
17:59:44 INFO  : Jtag cable 'Digilent Nexys4 210274505292A' is selected.
17:59:44 INFO  : 'jtag frequency' command is executed.
17:59:45 INFO  : 'configparams mdm-detect-bscan-mask 2' command is executed.
17:59:45 INFO  : Context for processor 'microblaze_0' is selected.
17:59:45 INFO  : Processor reset is completed for 'microblaze_0'.
17:59:45 INFO  : Context for processor 'microblaze_0' is selected.
17:59:45 INFO  : The application 'D:/aulas/cr/projects/p09/project/project.sdk/First/Debug/First.elf' is downloaded to processor 'microblaze_0'.
17:59:45 INFO  : ----------------XSDB Script----------------
connect -url tcp:127.0.0.1:3121
configparams mdm-detect-bscan-mask 2
targets -set -nocase -filter {name =~ "microblaze*#0" && bscan=="USER2"  && jtag_cable_name =~ "Digilent Nexys4 210274505292A"} -index 0
rst -processor
targets -set -nocase -filter {name =~ "microblaze*#0" && bscan=="USER2"  && jtag_cable_name =~ "Digilent Nexys4 210274505292A"} -index 0
dow D:/aulas/cr/projects/p09/project/project.sdk/First/Debug/First.elf
----------------End of Script----------------

17:59:45 INFO  : Context for processor 'microblaze_0' is selected.
17:59:45 INFO  : 'con' command is executed.
17:59:45 INFO  : ----------------XSDB Script (After Launch)----------------
targets -set -nocase -filter {name =~ "microblaze*#0" && bscan=="USER2"  && jtag_cable_name =~ "Digilent Nexys4 210274505292A"} -index 0
con
----------------End of Script----------------

17:59:45 INFO  : Disconnected from the channel tcfchan#11.
18:00:16 INFO  : 'targets -set -filter {jtag_cable_name =~ "Digilent Nexys4 210274505292A" && level==0} -index 0' command is executed.
18:00:16 INFO  : 'fpga -state' command is executed.
18:00:16 INFO  : Connected to target on host '127.0.0.1' and port '3121'.
18:00:17 INFO  : Jtag cable 'Digilent Nexys4 210274505292A' is selected.
18:00:17 INFO  : 'jtag frequency' command is executed.
18:00:17 INFO  : 'configparams mdm-detect-bscan-mask 2' command is executed.
18:00:17 INFO  : Context for processor 'microblaze_0' is selected.
18:00:17 INFO  : Processor reset is completed for 'microblaze_0'.
18:00:17 INFO  : Context for processor 'microblaze_0' is selected.
18:00:18 INFO  : The application 'D:/aulas/cr/projects/p09/project/project.sdk/First/Debug/First.elf' is downloaded to processor 'microblaze_0'.
18:00:18 INFO  : ----------------XSDB Script----------------
connect -url tcp:127.0.0.1:3121
configparams mdm-detect-bscan-mask 2
targets -set -nocase -filter {name =~ "microblaze*#0" && bscan=="USER2"  && jtag_cable_name =~ "Digilent Nexys4 210274505292A"} -index 0
rst -processor
targets -set -nocase -filter {name =~ "microblaze*#0" && bscan=="USER2"  && jtag_cable_name =~ "Digilent Nexys4 210274505292A"} -index 0
dow D:/aulas/cr/projects/p09/project/project.sdk/First/Debug/First.elf
----------------End of Script----------------

18:00:18 INFO  : Context for processor 'microblaze_0' is selected.
18:00:18 INFO  : 'con' command is executed.
18:00:18 INFO  : ----------------XSDB Script (After Launch)----------------
targets -set -nocase -filter {name =~ "microblaze*#0" && bscan=="USER2"  && jtag_cable_name =~ "Digilent Nexys4 210274505292A"} -index 0
con
----------------End of Script----------------

18:00:18 INFO  : Disconnected from the channel tcfchan#12.
18:00:44 INFO  : 'targets -set -filter {jtag_cable_name =~ "Digilent Nexys4 210274505292A" && level==0} -index 0' command is executed.
18:00:44 INFO  : 'fpga -state' command is executed.
18:00:44 INFO  : Connected to target on host '127.0.0.1' and port '3121'.
18:00:44 INFO  : Jtag cable 'Digilent Nexys4 210274505292A' is selected.
18:00:44 INFO  : 'jtag frequency' command is executed.
18:00:44 INFO  : 'configparams mdm-detect-bscan-mask 2' command is executed.
18:00:45 INFO  : Context for processor 'microblaze_0' is selected.
18:00:45 INFO  : Processor reset is completed for 'microblaze_0'.
18:00:45 INFO  : Context for processor 'microblaze_0' is selected.
18:00:45 INFO  : The application 'D:/aulas/cr/projects/p09/project/project.sdk/First/Debug/First.elf' is downloaded to processor 'microblaze_0'.
18:00:45 INFO  : ----------------XSDB Script----------------
connect -url tcp:127.0.0.1:3121
configparams mdm-detect-bscan-mask 2
targets -set -nocase -filter {name =~ "microblaze*#0" && bscan=="USER2"  && jtag_cable_name =~ "Digilent Nexys4 210274505292A"} -index 0
rst -processor
targets -set -nocase -filter {name =~ "microblaze*#0" && bscan=="USER2"  && jtag_cable_name =~ "Digilent Nexys4 210274505292A"} -index 0
dow D:/aulas/cr/projects/p09/project/project.sdk/First/Debug/First.elf
----------------End of Script----------------

18:00:45 INFO  : Context for processor 'microblaze_0' is selected.
18:00:45 INFO  : 'con' command is executed.
18:00:45 INFO  : ----------------XSDB Script (After Launch)----------------
targets -set -nocase -filter {name =~ "microblaze*#0" && bscan=="USER2"  && jtag_cable_name =~ "Digilent Nexys4 210274505292A"} -index 0
con
----------------End of Script----------------

18:00:45 INFO  : Disconnected from the channel tcfchan#13.
18:01:26 INFO  : 'targets -set -filter {jtag_cable_name =~ "Digilent Nexys4 210274505292A" && level==0} -index 0' command is executed.
18:01:26 INFO  : 'fpga -state' command is executed.
18:01:26 INFO  : Connected to target on host '127.0.0.1' and port '3121'.
18:01:27 INFO  : Jtag cable 'Digilent Nexys4 210274505292A' is selected.
18:01:27 INFO  : 'jtag frequency' command is executed.
18:01:27 INFO  : 'configparams mdm-detect-bscan-mask 2' command is executed.
18:01:27 INFO  : Context for processor 'microblaze_0' is selected.
18:01:27 INFO  : Processor reset is completed for 'microblaze_0'.
18:01:27 INFO  : Context for processor 'microblaze_0' is selected.
18:01:27 INFO  : The application 'D:/aulas/cr/projects/p09/project/project.sdk/First/Debug/First.elf' is downloaded to processor 'microblaze_0'.
18:01:27 INFO  : ----------------XSDB Script----------------
connect -url tcp:127.0.0.1:3121
configparams mdm-detect-bscan-mask 2
targets -set -nocase -filter {name =~ "microblaze*#0" && bscan=="USER2"  && jtag_cable_name =~ "Digilent Nexys4 210274505292A"} -index 0
rst -processor
targets -set -nocase -filter {name =~ "microblaze*#0" && bscan=="USER2"  && jtag_cable_name =~ "Digilent Nexys4 210274505292A"} -index 0
dow D:/aulas/cr/projects/p09/project/project.sdk/First/Debug/First.elf
----------------End of Script----------------

18:01:27 INFO  : Context for processor 'microblaze_0' is selected.
18:01:27 INFO  : 'con' command is executed.
18:01:27 INFO  : ----------------XSDB Script (After Launch)----------------
targets -set -nocase -filter {name =~ "microblaze*#0" && bscan=="USER2"  && jtag_cable_name =~ "Digilent Nexys4 210274505292A"} -index 0
con
----------------End of Script----------------

18:01:27 INFO  : Disconnected from the channel tcfchan#14.
18:02:05 WARN  : channel "tcfchan#10" closed
18:02:06 INFO  : 'targets -set -filter {jtag_cable_name =~ "Digilent Nexys4 210274505292A" && level==0} -index 0' command is executed.
18:02:06 INFO  : 'fpga -state' command is executed.
18:02:06 INFO  : Connected to target on host '127.0.0.1' and port '3121'.
18:02:06 INFO  : Jtag cable 'Digilent Nexys4 210274505292A' is selected.
18:02:06 INFO  : 'jtag frequency' command is executed.
18:02:06 INFO  : 'configparams mdm-detect-bscan-mask 2' command is executed.
18:02:06 INFO  : ----------------XSDB Script----------------
connect -url tcp:127.0.0.1:3121
configparams mdm-detect-bscan-mask 2
----------------End of Script----------------

18:02:06 INFO  : Memory regions updated for context MicroBlaze #0
18:02:06 INFO  : Memory regions updated for context MicroBlaze Debug Module at USER2
18:02:07 INFO  : Launch script is exported to file 'D:\aulas\cr\projects\p09\project\project.sdk\.sdk\launch_scripts\xilinx_c-c++_application_(system_debugger)\system_debugger_on_local.tcl'
18:02:29 INFO  : 'targets -set -filter {jtag_cable_name =~ "Digilent Nexys4 210274505292A" && level==0} -index 0' command is executed.
18:02:29 INFO  : 'fpga -state' command is executed.
18:02:29 INFO  : Connected to target on host '127.0.0.1' and port '3121'.
18:02:30 INFO  : Jtag cable 'Digilent Nexys4 210274505292A' is selected.
18:02:30 INFO  : 'jtag frequency' command is executed.
18:02:30 INFO  : 'configparams mdm-detect-bscan-mask 2' command is executed.
18:02:30 INFO  : Context for processor 'microblaze_0' is selected.
18:02:30 INFO  : Processor reset is completed for 'microblaze_0'.
18:02:30 INFO  : Context for processor 'microblaze_0' is selected.
18:02:30 INFO  : The application 'D:/aulas/cr/projects/p09/project/project.sdk/First/Debug/First.elf' is downloaded to processor 'microblaze_0'.
18:02:30 INFO  : ----------------XSDB Script----------------
connect -url tcp:127.0.0.1:3121
configparams mdm-detect-bscan-mask 2
targets -set -nocase -filter {name =~ "microblaze*#0" && bscan=="USER2"  && jtag_cable_name =~ "Digilent Nexys4 210274505292A"} -index 0
rst -processor
targets -set -nocase -filter {name =~ "microblaze*#0" && bscan=="USER2"  && jtag_cable_name =~ "Digilent Nexys4 210274505292A"} -index 0
dow D:/aulas/cr/projects/p09/project/project.sdk/First/Debug/First.elf
----------------End of Script----------------

18:02:30 INFO  : Context for processor 'microblaze_0' is selected.
18:02:30 INFO  : 'con' command is executed.
18:02:30 INFO  : ----------------XSDB Script (After Launch)----------------
targets -set -nocase -filter {name =~ "microblaze*#0" && bscan=="USER2"  && jtag_cable_name =~ "Digilent Nexys4 210274505292A"} -index 0
con
----------------End of Script----------------

18:02:30 INFO  : Disconnected from the channel tcfchan#15.
00:12:56 INFO  : 'targets -set -filter {jtag_cable_name =~ "Digilent Nexys4 210274505292A" && level==0} -index 0' command is executed.
00:12:56 INFO  : 'fpga -state' command is executed.
00:13:05 INFO  : Connected to target on host '127.0.0.1' and port '3121'.
00:13:06 INFO  : Jtag cable 'Digilent Nexys4 210274505292A' is selected.
00:13:06 INFO  : 'jtag frequency' command is executed.
00:13:06 INFO  : 'configparams mdm-detect-bscan-mask 2' command is executed.
00:13:09 ERROR : no targets found with "name =~ "microblaze*#0" && bscan=="USER2"  && jtag_cable_name =~ "Digilent Nexys4 210274505292A"". available targets:
  1* xc7a100t
00:13:09 INFO  : ----------------XSDB Script----------------
connect -url tcp:127.0.0.1:3121
configparams mdm-detect-bscan-mask 2
targets -set -nocase -filter {name =~ "microblaze*#0" && bscan=="USER2"  && jtag_cable_name =~ "Digilent Nexys4 210274505292A"} -index 0
----------------End of Script----------------

00:16:09 INFO  : 'targets -set -filter {jtag_cable_name =~ "Digilent Nexys4 210274505292A" && level==0} -index 0' command is executed.
00:16:09 INFO  : 'fpga -state' command is executed.
00:16:13 INFO  : Connected to target on host '127.0.0.1' and port '3121'.
00:16:13 INFO  : Jtag cable 'Digilent Nexys4 210274505292A' is selected.
00:16:13 INFO  : 'jtag frequency' command is executed.
00:16:13 INFO  : 'configparams mdm-detect-bscan-mask 2' command is executed.
00:16:17 ERROR : no targets found with "name =~ "microblaze*#0" && bscan=="USER2"  && jtag_cable_name =~ "Digilent Nexys4 210274505292A"". available targets:
  1* xc7a100t
00:16:17 INFO  : ----------------XSDB Script----------------
connect -url tcp:127.0.0.1:3121
configparams mdm-detect-bscan-mask 2
targets -set -nocase -filter {name =~ "microblaze*#0" && bscan=="USER2"  && jtag_cable_name =~ "Digilent Nexys4 210274505292A"} -index 0
----------------End of Script----------------

00:16:50 INFO  : 'targets -set -filter {jtag_cable_name =~ "Digilent Nexys4 210274505292A" && level==0} -index 0' command is executed.
00:16:50 INFO  : 'fpga -state' command is executed.
00:16:57 INFO  : Connected to target on host '127.0.0.1' and port '3121'.
00:16:58 INFO  : Jtag cable 'Digilent Nexys4 210274505292A' is selected.
00:16:58 INFO  : 'jtag frequency' command is executed.
00:16:58 INFO  : 'configparams mdm-detect-bscan-mask 2' command is executed.
00:17:01 ERROR : no targets found with "name =~ "microblaze*#0" && bscan=="USER2"  && jtag_cable_name =~ "Digilent Nexys4 210274505292A"". available targets:
  1* xc7a100t
00:17:01 INFO  : ----------------XSDB Script----------------
connect -url tcp:127.0.0.1:3121
configparams mdm-detect-bscan-mask 2
targets -set -nocase -filter {name =~ "microblaze*#0" && bscan=="USER2"  && jtag_cable_name =~ "Digilent Nexys4 210274505292A"} -index 0
----------------End of Script----------------

00:17:58 INFO  : 'targets -set -filter {jtag_cable_name =~ "Digilent Nexys4 210274505292A" && level==0} -index 0' command is executed.
00:17:58 INFO  : 'fpga -state' command is executed.
00:17:58 INFO  : Connected to target on host '127.0.0.1' and port '3121'.
00:17:58 INFO  : Jtag cable 'Digilent Nexys4 210274505292A' is selected.
00:17:58 INFO  : 'jtag frequency' command is executed.
00:17:59 INFO  : 'configparams mdm-detect-bscan-mask 2' command is executed.
00:17:59 INFO  : Context for processor 'microblaze_0' is selected.
00:17:59 INFO  : Processor reset is completed for 'microblaze_0'.
00:17:59 INFO  : Context for processor 'microblaze_0' is selected.
00:17:59 INFO  : The application 'D:/aulas/cr/projects/p09/project/project.sdk/First/Debug/First.elf' is downloaded to processor 'microblaze_0'.
00:17:59 INFO  : ----------------XSDB Script----------------
connect -url tcp:127.0.0.1:3121
configparams mdm-detect-bscan-mask 2
targets -set -nocase -filter {name =~ "microblaze*#0" && bscan=="USER2"  && jtag_cable_name =~ "Digilent Nexys4 210274505292A"} -index 0
rst -processor
targets -set -nocase -filter {name =~ "microblaze*#0" && bscan=="USER2"  && jtag_cable_name =~ "Digilent Nexys4 210274505292A"} -index 0
dow D:/aulas/cr/projects/p09/project/project.sdk/First/Debug/First.elf
----------------End of Script----------------

00:17:59 INFO  : Context for processor 'microblaze_0' is selected.
00:17:59 INFO  : 'con' command is executed.
00:17:59 INFO  : ----------------XSDB Script (After Launch)----------------
targets -set -nocase -filter {name =~ "microblaze*#0" && bscan=="USER2"  && jtag_cable_name =~ "Digilent Nexys4 210274505292A"} -index 0
con
----------------End of Script----------------

00:17:59 INFO  : Disconnected from the channel tcfchan#16.
00:18:34 WARN  : channel "tcfchan#15" closed
00:18:35 INFO  : 'targets -set -filter {jtag_cable_name =~ "Digilent Nexys4 210274505292A" && level==0} -index 0' command is executed.
00:18:35 INFO  : 'fpga -state' command is executed.
00:18:35 INFO  : Connected to target on host '127.0.0.1' and port '3121'.
00:18:36 INFO  : Jtag cable 'Digilent Nexys4 210274505292A' is selected.
00:18:36 INFO  : 'jtag frequency' command is executed.
00:18:36 INFO  : 'configparams mdm-detect-bscan-mask 2' command is executed.
00:18:36 INFO  : ----------------XSDB Script----------------
connect -url tcp:127.0.0.1:3121
configparams mdm-detect-bscan-mask 2
----------------End of Script----------------

00:18:36 INFO  : Memory regions updated for context MicroBlaze #0
00:18:36 INFO  : Memory regions updated for context MicroBlaze Debug Module at USER2
00:18:36 INFO  : Launch script is exported to file 'D:\aulas\cr\projects\p09\project\project.sdk\.sdk\launch_scripts\xilinx_c-c++_application_(system_debugger)\system_debugger_on_local.tcl'
00:23:24 INFO  : 'targets -set -filter {jtag_cable_name =~ "Digilent Nexys4 210274505292A" && level==0} -index 0' command is executed.
00:23:24 INFO  : 'fpga -state' command is executed.
00:23:24 INFO  : Connected to target on host '127.0.0.1' and port '3121'.
00:23:24 INFO  : Jtag cable 'Digilent Nexys4 210274505292A' is selected.
00:23:24 INFO  : 'jtag frequency' command is executed.
00:23:24 INFO  : 'configparams mdm-detect-bscan-mask 2' command is executed.
00:23:24 INFO  : Context for processor 'microblaze_0' is selected.
00:23:24 INFO  : Processor reset is completed for 'microblaze_0'.
00:23:25 INFO  : Context for processor 'microblaze_0' is selected.
00:23:25 INFO  : The application 'D:/aulas/cr/projects/p09/project/project.sdk/First/Debug/First.elf' is downloaded to processor 'microblaze_0'.
00:23:25 INFO  : ----------------XSDB Script----------------
connect -url tcp:127.0.0.1:3121
configparams mdm-detect-bscan-mask 2
targets -set -nocase -filter {name =~ "microblaze*#0" && bscan=="USER2"  && jtag_cable_name =~ "Digilent Nexys4 210274505292A"} -index 0
rst -processor
targets -set -nocase -filter {name =~ "microblaze*#0" && bscan=="USER2"  && jtag_cable_name =~ "Digilent Nexys4 210274505292A"} -index 0
dow D:/aulas/cr/projects/p09/project/project.sdk/First/Debug/First.elf
----------------End of Script----------------

00:23:25 INFO  : Context for processor 'microblaze_0' is selected.
00:23:25 INFO  : 'con' command is executed.
00:23:25 INFO  : ----------------XSDB Script (After Launch)----------------
targets -set -nocase -filter {name =~ "microblaze*#0" && bscan=="USER2"  && jtag_cable_name =~ "Digilent Nexys4 210274505292A"} -index 0
con
----------------End of Script----------------

00:23:25 INFO  : Disconnected from the channel tcfchan#17.
00:24:38 WARN  : channel "tcfchan#17" closed
00:24:39 INFO  : 'targets -set -filter {jtag_cable_name =~ "Digilent Nexys4 210274505292A" && level==0} -index 0' command is executed.
00:24:39 INFO  : 'fpga -state' command is executed.
00:24:39 INFO  : Connected to target on host '127.0.0.1' and port '3121'.
00:24:39 INFO  : Jtag cable 'Digilent Nexys4 210274505292A' is selected.
00:24:39 INFO  : 'jtag frequency' command is executed.
00:24:39 INFO  : 'configparams mdm-detect-bscan-mask 2' command is executed.
00:24:39 INFO  : ----------------XSDB Script----------------
connect -url tcp:127.0.0.1:3121
configparams mdm-detect-bscan-mask 2
----------------End of Script----------------

00:24:40 INFO  : Memory regions updated for context MicroBlaze #0
00:24:40 INFO  : Memory regions updated for context MicroBlaze Debug Module at USER2
00:24:40 INFO  : Launch script is exported to file 'D:\aulas\cr\projects\p09\project\project.sdk\.sdk\launch_scripts\xilinx_c-c++_application_(system_debugger)\system_debugger_on_local.tcl'
00:25:08 INFO  : 'targets -set -filter {jtag_cable_name =~ "Digilent Nexys4 210274505292A" && level==0} -index 0' command is executed.
00:25:08 INFO  : 'fpga -state' command is executed.
00:25:08 INFO  : Connected to target on host '127.0.0.1' and port '3121'.
00:25:08 INFO  : Jtag cable 'Digilent Nexys4 210274505292A' is selected.
00:25:09 INFO  : 'jtag frequency' command is executed.
00:25:09 INFO  : 'configparams mdm-detect-bscan-mask 2' command is executed.
00:25:09 INFO  : Context for processor 'microblaze_0' is selected.
00:25:09 INFO  : Processor reset is completed for 'microblaze_0'.
00:25:09 INFO  : Context for processor 'microblaze_0' is selected.
00:25:09 INFO  : The application 'D:/aulas/cr/projects/p09/project/project.sdk/First/Debug/First.elf' is downloaded to processor 'microblaze_0'.
00:25:09 INFO  : ----------------XSDB Script----------------
connect -url tcp:127.0.0.1:3121
configparams mdm-detect-bscan-mask 2
targets -set -nocase -filter {name =~ "microblaze*#0" && bscan=="USER2"  && jtag_cable_name =~ "Digilent Nexys4 210274505292A"} -index 0
rst -processor
targets -set -nocase -filter {name =~ "microblaze*#0" && bscan=="USER2"  && jtag_cable_name =~ "Digilent Nexys4 210274505292A"} -index 0
dow D:/aulas/cr/projects/p09/project/project.sdk/First/Debug/First.elf
----------------End of Script----------------

00:25:09 INFO  : Context for processor 'microblaze_0' is selected.
00:25:09 INFO  : 'con' command is executed.
00:25:09 INFO  : ----------------XSDB Script (After Launch)----------------
targets -set -nocase -filter {name =~ "microblaze*#0" && bscan=="USER2"  && jtag_cable_name =~ "Digilent Nexys4 210274505292A"} -index 0
con
----------------End of Script----------------

00:25:09 INFO  : Disconnected from the channel tcfchan#18.
00:25:31 INFO  : 'targets -set -filter {jtag_cable_name =~ "Digilent Nexys4 210274505292A" && level==0} -index 0' command is executed.
00:25:31 INFO  : 'fpga -state' command is executed.
00:25:31 INFO  : Connected to target on host '127.0.0.1' and port '3121'.
00:25:32 INFO  : Jtag cable 'Digilent Nexys4 210274505292A' is selected.
00:25:32 INFO  : 'jtag frequency' command is executed.
00:25:32 INFO  : 'configparams mdm-detect-bscan-mask 2' command is executed.
00:25:32 INFO  : Context for processor 'microblaze_0' is selected.
00:25:32 INFO  : System reset is completed.
00:25:35 INFO  : 'after 3000' command is executed.
00:25:35 INFO  : Context for processor 'microblaze_0' is selected.
00:25:35 INFO  : The application 'D:/aulas/cr/projects/p09/project/project.sdk/First/Debug/First.elf' is downloaded to processor 'microblaze_0'.
00:25:35 INFO  : ----------------XSDB Script----------------
connect -url tcp:127.0.0.1:3121
configparams mdm-detect-bscan-mask 2
targets -set -nocase -filter {name =~ "microblaze*#0" && bscan=="USER2"  && jtag_cable_name =~ "Digilent Nexys4 210274505292A"} -index 0
rst -system
after 3000
targets -set -nocase -filter {name =~ "microblaze*#0" && bscan=="USER2"  && jtag_cable_name =~ "Digilent Nexys4 210274505292A"} -index 0
dow D:/aulas/cr/projects/p09/project/project.sdk/First/Debug/First.elf
----------------End of Script----------------

00:25:36 INFO  : Context for processor 'microblaze_0' is selected.
00:25:36 INFO  : 'con' command is executed.
00:25:36 INFO  : ----------------XSDB Script (After Launch)----------------
targets -set -nocase -filter {name =~ "microblaze*#0" && bscan=="USER2"  && jtag_cable_name =~ "Digilent Nexys4 210274505292A"} -index 0
con
----------------End of Script----------------

00:25:36 INFO  : Disconnected from the channel tcfchan#19.
00:25:52 INFO  : 'targets -set -filter {jtag_cable_name =~ "Digilent Nexys4 210274505292A" && level==0} -index 0' command is executed.
00:25:52 INFO  : 'fpga -state' command is executed.
00:25:52 INFO  : Connected to target on host '127.0.0.1' and port '3121'.
00:25:52 INFO  : Jtag cable 'Digilent Nexys4 210274505292A' is selected.
00:25:52 INFO  : 'jtag frequency' command is executed.
00:25:53 INFO  : 'configparams mdm-detect-bscan-mask 2' command is executed.
00:25:53 INFO  : Context for processor 'microblaze_0' is selected.
00:25:53 INFO  : System reset is completed.
00:25:56 INFO  : 'after 3000' command is executed.
00:25:56 INFO  : Context for processor 'microblaze_0' is selected.
00:25:56 INFO  : The application 'D:/aulas/cr/projects/p09/project/project.sdk/First/Debug/First.elf' is downloaded to processor 'microblaze_0'.
00:25:56 INFO  : ----------------XSDB Script----------------
connect -url tcp:127.0.0.1:3121
configparams mdm-detect-bscan-mask 2
targets -set -nocase -filter {name =~ "microblaze*#0" && bscan=="USER2"  && jtag_cable_name =~ "Digilent Nexys4 210274505292A"} -index 0
rst -system
after 3000
targets -set -nocase -filter {name =~ "microblaze*#0" && bscan=="USER2"  && jtag_cable_name =~ "Digilent Nexys4 210274505292A"} -index 0
dow D:/aulas/cr/projects/p09/project/project.sdk/First/Debug/First.elf
----------------End of Script----------------

00:25:56 INFO  : Context for processor 'microblaze_0' is selected.
00:25:56 INFO  : 'con' command is executed.
00:25:56 INFO  : ----------------XSDB Script (After Launch)----------------
targets -set -nocase -filter {name =~ "microblaze*#0" && bscan=="USER2"  && jtag_cable_name =~ "Digilent Nexys4 210274505292A"} -index 0
con
----------------End of Script----------------

00:25:56 INFO  : Disconnected from the channel tcfchan#20.
00:30:14 INFO  : 'targets -set -filter {jtag_cable_name =~ "Digilent Nexys4 210274505292A" && level==0} -index 0' command is executed.
00:30:14 INFO  : 'fpga -state' command is executed.
00:30:14 INFO  : Connected to target on host '127.0.0.1' and port '3121'.
00:30:15 INFO  : Jtag cable 'Digilent Nexys4 210274505292A' is selected.
00:30:15 INFO  : 'jtag frequency' command is executed.
00:30:15 INFO  : 'configparams mdm-detect-bscan-mask 2' command is executed.
00:30:15 INFO  : Context for processor 'microblaze_0' is selected.
00:30:16 INFO  : System reset is completed.
00:30:19 INFO  : 'after 3000' command is executed.
00:30:19 INFO  : Context for processor 'microblaze_0' is selected.
00:30:19 INFO  : The application 'D:/aulas/cr/projects/p09/project/project.sdk/First/Debug/First.elf' is downloaded to processor 'microblaze_0'.
00:30:19 INFO  : ----------------XSDB Script----------------
connect -url tcp:127.0.0.1:3121
configparams mdm-detect-bscan-mask 2
targets -set -nocase -filter {name =~ "microblaze*#0" && bscan=="USER2"  && jtag_cable_name =~ "Digilent Nexys4 210274505292A"} -index 0
rst -system
after 3000
targets -set -nocase -filter {name =~ "microblaze*#0" && bscan=="USER2"  && jtag_cable_name =~ "Digilent Nexys4 210274505292A"} -index 0
dow D:/aulas/cr/projects/p09/project/project.sdk/First/Debug/First.elf
----------------End of Script----------------

00:30:19 INFO  : Context for processor 'microblaze_0' is selected.
00:30:19 INFO  : 'con' command is executed.
00:30:19 INFO  : ----------------XSDB Script (After Launch)----------------
targets -set -nocase -filter {name =~ "microblaze*#0" && bscan=="USER2"  && jtag_cable_name =~ "Digilent Nexys4 210274505292A"} -index 0
con
----------------End of Script----------------

00:30:19 INFO  : Disconnected from the channel tcfchan#21.
01:56:43 WARN  : channel "tcfchan#18" closed
03:15:19 INFO  : Registering command handlers for SDK TCF services
03:15:25 INFO  : Launching XSCT server: xsct.bat -interactive D:\aulas\cr\projects\p09\project\project.sdk\temp_xsdb_launch_script.tcl
03:15:37 INFO  : XSCT server has started successfully.
03:15:50 INFO  : Successfully done setting XSCT server connection channel  
03:15:50 INFO  : Successfully done setting SDK workspace  
03:15:50 INFO  : Processing command line option -hwspec D:/aulas/cr/projects/p09/project/project.sdk/design_1_wrapper.hdf.
03:15:51 INFO  : Checking for hwspec changes in the project design_1_wrapper_hw_platform_0.
03:18:56 INFO  : 'targets -set -filter {jtag_cable_name =~ "Digilent Nexys4 210274505292A" && level==0} -index 0' command is executed.
03:18:56 INFO  : 'fpga -state' command is executed.
03:18:56 INFO  : Connected to target on host '127.0.0.1' and port '3121'.
03:18:57 INFO  : Jtag cable 'Digilent Nexys4 210274505292A' is selected.
03:18:57 INFO  : 'jtag frequency' command is executed.
03:18:57 INFO  : 'configparams mdm-detect-bscan-mask 2' command is executed.
03:18:58 INFO  : Context for processor 'microblaze_0' is selected.
03:18:58 INFO  : Processor reset is completed for 'microblaze_0'.
03:18:59 INFO  : Context for processor 'microblaze_0' is selected.
03:18:59 INFO  : The application 'D:/aulas/cr/projects/p09/project/project.sdk/First/Debug/First.elf' is downloaded to processor 'microblaze_0'.
03:18:59 INFO  : ----------------XSDB Script----------------
connect -url tcp:127.0.0.1:3121
configparams mdm-detect-bscan-mask 2
targets -set -nocase -filter {name =~ "microblaze*#0" && bscan=="USER2"  && jtag_cable_name =~ "Digilent Nexys4 210274505292A"} -index 0
rst -processor
targets -set -nocase -filter {name =~ "microblaze*#0" && bscan=="USER2"  && jtag_cable_name =~ "Digilent Nexys4 210274505292A"} -index 0
dow D:/aulas/cr/projects/p09/project/project.sdk/First/Debug/First.elf
----------------End of Script----------------

03:19:00 INFO  : Context for processor 'microblaze_0' is selected.
03:19:00 INFO  : 'con' command is executed.
03:19:00 INFO  : ----------------XSDB Script (After Launch)----------------
targets -set -nocase -filter {name =~ "microblaze*#0" && bscan=="USER2"  && jtag_cable_name =~ "Digilent Nexys4 210274505292A"} -index 0
con
----------------End of Script----------------

03:19:00 INFO  : Disconnected from the channel tcfchan#1.
13:27:13 INFO  : Registering command handlers for SDK TCF services
13:27:13 INFO  : Launching XSCT server: xsct.bat -interactive D:\aulas\cr\projects\p09\project\project.sdk\temp_xsdb_launch_script.tcl
13:27:22 INFO  : XSCT server has started successfully.
13:27:23 INFO  : Processing command line option -hwspec D:/aulas/cr/projects/p09/project/project.sdk/design_1_wrapper.hdf.
13:27:23 INFO  : Successfully done setting XSCT server connection channel  
13:27:23 INFO  : Successfully done setting SDK workspace  
13:27:23 INFO  : Checking for hwspec changes in the project design_1_wrapper_hw_platform_0.
