Copyright 1986-2018 Xilinx, Inc. All Rights Reserved.
-----------------------------------------------------------------------------------------------------------------------------------------------------------------------
| Tool Version : Vivado v.2018.3 (win64) Build 2405991 Thu Dec  6 23:38:27 MST 2018
| Date         : Thu Mar  7 17:39:55 2019
| Host         : DESKTOP-UEV5SH3 running 64-bit major release  (build 9200)
| Command      : report_methodology -file e4_MaxValue_methodology_drc_routed.rpt -pb e4_MaxValue_methodology_drc_routed.pb -rpx e4_MaxValue_methodology_drc_routed.rpx
| Design       : e4_MaxValue
| Device       : xc7a100tcsg324-1
| Speed File   : -1
| Design State : Fully Routed
-----------------------------------------------------------------------------------------------------------------------------------------------------------------------

Report Methodology

Table of Contents
-----------------
1. REPORT SUMMARY
2. REPORT DETAILS

1. REPORT SUMMARY
-----------------
            Netlist: netlist
          Floorplan: design_1
      Design limits: <entire design considered>
             Max violations: <unlimited>
             Violations found: 4
+-----------+----------+-------------------+------------+
| Rule      | Severity | Description       | Violations |
+-----------+----------+-------------------+------------+
| TIMING-20 | Warning  | Non-clocked latch | 4          |
+-----------+----------+-------------------+------------+

2. REPORT DETAILS
-----------------
TIMING-20#1 Warning
Non-clocked latch  
The latch s_val_reg[0] cannot be properly analyzed as its control pin s_val_reg[0]/G is not reached by a timing clock
Related violations: <none>

TIMING-20#2 Warning
Non-clocked latch  
The latch s_val_reg[1] cannot be properly analyzed as its control pin s_val_reg[1]/G is not reached by a timing clock
Related violations: <none>

TIMING-20#3 Warning
Non-clocked latch  
The latch s_val_reg[2] cannot be properly analyzed as its control pin s_val_reg[2]/G is not reached by a timing clock
Related violations: <none>

TIMING-20#4 Warning
Non-clocked latch  
The latch s_val_reg[3] cannot be properly analyzed as its control pin s_val_reg[3]/G is not reached by a timing clock
Related violations: <none>


