
*** Running vivado
    with args -log e1_Count_consec_ones.vds -m64 -product Vivado -mode batch -messageDb vivado.pb -notrace -source e1_Count_consec_ones.tcl


****** Vivado v2018.3 (64-bit)
  **** SW Build 2405991 on Thu Dec  6 23:38:27 MST 2018
  **** IP Build 2404404 on Fri Dec  7 01:43:56 MST 2018
    ** Copyright 1986-2018 Xilinx, Inc. All Rights Reserved.

source e1_Count_consec_ones.tcl -notrace
Command: synth_design -top e1_Count_consec_ones -part xc7a100tcsg324-1
Starting synth_design
Attempting to get a license for feature 'Synthesis' and/or device 'xc7a100t'
INFO: [Common 17-349] Got license for feature 'Synthesis' and/or device 'xc7a100t'
INFO: Launching helper process for spawning children vivado processes
INFO: Helper process launched with PID 4396 
---------------------------------------------------------------------------------
Starting RTL Elaboration : Time (s): cpu = 00:00:04 ; elapsed = 00:00:05 . Memory (MB): peak = 431.242 ; gain = 99.070
---------------------------------------------------------------------------------
INFO: [Synth 8-638] synthesizing module 'e1_Count_consec_ones' [D:/aulas/cr/projects/p04/p04.srcs/sources_1/new/e1_Count_consec_ones.vhd:15]
WARNING: [Synth 8-614] signal 'max' is read in the process but is not in the sensitivity list [D:/aulas/cr/projects/p04/p04.srcs/sources_1/new/e1_Count_consec_ones.vhd:35]
WARNING: [Synth 8-614] signal 'vector' is read in the process but is not in the sensitivity list [D:/aulas/cr/projects/p04/p04.srcs/sources_1/new/e1_Count_consec_ones.vhd:35]
WARNING: [Synth 8-614] signal 'n_max' is read in the process but is not in the sensitivity list [D:/aulas/cr/projects/p04/p04.srcs/sources_1/new/e1_Count_consec_ones.vhd:35]
INFO: [Synth 8-256] done synthesizing module 'e1_Count_consec_ones' (1#1) [D:/aulas/cr/projects/p04/p04.srcs/sources_1/new/e1_Count_consec_ones.vhd:15]
---------------------------------------------------------------------------------
Finished RTL Elaboration : Time (s): cpu = 00:00:06 ; elapsed = 00:00:07 . Memory (MB): peak = 487.477 ; gain = 155.305
---------------------------------------------------------------------------------

Report Check Netlist: 
+------+------------------+-------+---------+-------+------------------+
|      |Item              |Errors |Warnings |Status |Description       |
+------+------------------+-------+---------+-------+------------------+
|1     |multi_driven_nets |      0|        0|Passed |Multi driven nets |
+------+------------------+-------+---------+-------+------------------+
---------------------------------------------------------------------------------
Start Handling Custom Attributes
---------------------------------------------------------------------------------
---------------------------------------------------------------------------------
Finished Handling Custom Attributes : Time (s): cpu = 00:00:06 ; elapsed = 00:00:07 . Memory (MB): peak = 487.477 ; gain = 155.305
---------------------------------------------------------------------------------
---------------------------------------------------------------------------------
Finished RTL Optimization Phase 1 : Time (s): cpu = 00:00:06 ; elapsed = 00:00:07 . Memory (MB): peak = 487.477 ; gain = 155.305
---------------------------------------------------------------------------------
INFO: [Device 21-403] Loading part xc7a100tcsg324-1
INFO: [Project 1-570] Preparing netlist for logic optimization

Processing XDC Constraints
Initializing timing engine
Parsing XDC File [D:/aulas/cr/projects/p04/p04.srcs/constrs_1/imports/projects/Nexys4Alunos.xdc]
Finished Parsing XDC File [D:/aulas/cr/projects/p04/p04.srcs/constrs_1/imports/projects/Nexys4Alunos.xdc]
INFO: [Project 1-236] Implementation specific constraints were found while reading constraint file [D:/aulas/cr/projects/p04/p04.srcs/constrs_1/imports/projects/Nexys4Alunos.xdc]. These constraints will be ignored for synthesis but will be used in implementation. Impacted constraints are listed in the file [.Xil/e1_Count_consec_ones_propImpl.xdc].
Resolution: To avoid this warning, move constraints listed in [.Xil/e1_Count_consec_ones_propImpl.xdc] to another XDC file and exclude this new file from synthesis with the used_in_synthesis property (File Properties dialog in GUI) and re-run elaboration/synthesis.
Netlist sorting complete. Time (s): cpu = 00:00:00 ; elapsed = 00:00:00 . Memory (MB): peak = 823.867 ; gain = 0.000
Completed Processing XDC Constraints

Netlist sorting complete. Time (s): cpu = 00:00:00 ; elapsed = 00:00:00 . Memory (MB): peak = 823.867 ; gain = 0.000
INFO: [Project 1-111] Unisim Transformation Summary:
No Unisim elements were transformed.

Netlist sorting complete. Time (s): cpu = 00:00:00 ; elapsed = 00:00:00 . Memory (MB): peak = 823.867 ; gain = 0.000
Constraint Validation Runtime : Time (s): cpu = 00:00:00 ; elapsed = 00:00:00.009 . Memory (MB): peak = 823.867 ; gain = 0.000
---------------------------------------------------------------------------------
Finished Constraint Validation : Time (s): cpu = 00:00:19 ; elapsed = 00:00:24 . Memory (MB): peak = 823.867 ; gain = 491.695
---------------------------------------------------------------------------------
---------------------------------------------------------------------------------
Start Loading Part and Timing Information
---------------------------------------------------------------------------------
Loading part: xc7a100tcsg324-1
---------------------------------------------------------------------------------
Finished Loading Part and Timing Information : Time (s): cpu = 00:00:19 ; elapsed = 00:00:24 . Memory (MB): peak = 823.867 ; gain = 491.695
---------------------------------------------------------------------------------
---------------------------------------------------------------------------------
Start Applying 'set_property' XDC Constraints
---------------------------------------------------------------------------------
---------------------------------------------------------------------------------
Finished applying 'set_property' XDC Constraints : Time (s): cpu = 00:00:19 ; elapsed = 00:00:24 . Memory (MB): peak = 823.867 ; gain = 491.695
---------------------------------------------------------------------------------
INFO: [Synth 8-802] inferred FSM for state register 'CS_reg' in module 'e1_Count_consec_ones'
INFO: [Synth 8-5544] ROM "vector" won't be mapped to Block RAM because address size (2) smaller than threshold (5)
INFO: [Synth 8-5544] ROM "NS" won't be mapped to Block RAM because address size (1) smaller than threshold (5)
INFO: [Synth 8-5544] ROM "NS" won't be mapped to Block RAM because address size (1) smaller than threshold (5)
WARNING: [Synth 8-327] inferring latch for variable 'max_reg' [D:/aulas/cr/projects/p04/p04.srcs/sources_1/new/e1_Count_consec_ones.vhd:41]
---------------------------------------------------------------------------------------------------
                   State |                     New Encoding |                Previous Encoding 
---------------------------------------------------------------------------------------------------
                    init |                               00 |                               00
                checking |                               01 |                               01
                    ones |                               10 |                               10
                  finish |                               11 |                               11
---------------------------------------------------------------------------------------------------
INFO: [Synth 8-3354] encoded FSM with state register 'CS_reg' using encoding 'sequential' in module 'e1_Count_consec_ones'
WARNING: [Synth 8-327] inferring latch for variable 'vector_reg' [D:/aulas/cr/projects/p04/p04.srcs/sources_1/new/e1_Count_consec_ones.vhd:46]
---------------------------------------------------------------------------------
Finished RTL Optimization Phase 2 : Time (s): cpu = 00:00:19 ; elapsed = 00:00:25 . Memory (MB): peak = 823.867 ; gain = 491.695
---------------------------------------------------------------------------------

Report RTL Partitions: 
+-+--------------+------------+----------+
| |RTL Partition |Replication |Instances |
+-+--------------+------------+----------+
+-+--------------+------------+----------+
---------------------------------------------------------------------------------
Start RTL Component Statistics 
---------------------------------------------------------------------------------
Detailed RTL Component Info : 
+---Adders : 
	   2 Input     32 Bit       Adders := 2     
+---Registers : 
	               32 Bit    Registers := 1     
+---Muxes : 
	   2 Input     32 Bit        Muxes := 4     
	   4 Input     32 Bit        Muxes := 3     
	   4 Input      2 Bit        Muxes := 1     
	   2 Input      2 Bit        Muxes := 4     
	   4 Input      1 Bit        Muxes := 4     
---------------------------------------------------------------------------------
Finished RTL Component Statistics 
---------------------------------------------------------------------------------
---------------------------------------------------------------------------------
Start RTL Hierarchical Component Statistics 
---------------------------------------------------------------------------------
Hierarchical RTL Component report 
Module e1_Count_consec_ones 
Detailed RTL Component Info : 
+---Adders : 
	   2 Input     32 Bit       Adders := 2     
+---Registers : 
	               32 Bit    Registers := 1     
+---Muxes : 
	   2 Input     32 Bit        Muxes := 4     
	   4 Input     32 Bit        Muxes := 3     
	   4 Input      2 Bit        Muxes := 1     
	   2 Input      2 Bit        Muxes := 4     
	   4 Input      1 Bit        Muxes := 4     
---------------------------------------------------------------------------------
Finished RTL Hierarchical Component Statistics
---------------------------------------------------------------------------------
---------------------------------------------------------------------------------
Start Part Resource Summary
---------------------------------------------------------------------------------
Part Resources:
DSPs: 240 (col length:80)
BRAMs: 270 (col length: RAMB18 80 RAMB36 40)
---------------------------------------------------------------------------------
Finished Part Resource Summary
---------------------------------------------------------------------------------
---------------------------------------------------------------------------------
Start Cross Boundary and Area Optimization
---------------------------------------------------------------------------------
Warning: Parallel synthesis criteria is not met 
---------------------------------------------------------------------------------
Finished Cross Boundary and Area Optimization : Time (s): cpu = 00:00:23 ; elapsed = 00:00:29 . Memory (MB): peak = 823.867 ; gain = 491.695
---------------------------------------------------------------------------------

Report RTL Partitions: 
+-+--------------+------------+----------+
| |RTL Partition |Replication |Instances |
+-+--------------+------------+----------+
+-+--------------+------------+----------+
---------------------------------------------------------------------------------
Start Applying XDC Timing Constraints
---------------------------------------------------------------------------------
---------------------------------------------------------------------------------
Finished Applying XDC Timing Constraints : Time (s): cpu = 00:00:37 ; elapsed = 00:00:45 . Memory (MB): peak = 824.195 ; gain = 492.023
---------------------------------------------------------------------------------
---------------------------------------------------------------------------------
Start Timing Optimization
---------------------------------------------------------------------------------
---------------------------------------------------------------------------------
Finished Timing Optimization : Time (s): cpu = 00:00:38 ; elapsed = 00:00:47 . Memory (MB): peak = 857.676 ; gain = 525.504
---------------------------------------------------------------------------------

Report RTL Partitions: 
+-+--------------+------------+----------+
| |RTL Partition |Replication |Instances |
+-+--------------+------------+----------+
+-+--------------+------------+----------+
---------------------------------------------------------------------------------
Start Technology Mapping
---------------------------------------------------------------------------------
Found timing loop:
     0: i_169/O (LUT2)
     1: i_169/I1 (LUT2)
     2: i_28/O (LUT5)
     3: i_28/I0 (LUT5)
     4: i_169/O (LUT2)
CRITICAL WARNING: [Synth 8-295] found timing loop. [D:/aulas/cr/projects/p04/p04.srcs/sources_1/new/e1_Count_consec_ones.vhd:6]
Inferred a: "set_disable_timing -from I1 -to O i_169"
WARNING: [Synth 8-326] inferred exception to break timing loop: 'set_false_path -through i_16/O[0]'
WARNING: [Synth 8-326] inferred exception to break timing loop: 'set_false_path -through \max_reg[1]__0 /D'
WARNING: [Synth 8-326] inferred exception to break timing loop: 'set_false_path -through i_16/O[1]'
WARNING: [Synth 8-326] inferred exception to break timing loop: 'set_false_path -through \max_reg[2]__0 /D'
WARNING: [Synth 8-326] inferred exception to break timing loop: 'set_false_path -through i_16/O[2]'
WARNING: [Synth 8-326] inferred exception to break timing loop: 'set_false_path -through \max_reg[3]__0 /D'
WARNING: [Synth 8-326] inferred exception to break timing loop: 'set_false_path -through i_16/O[3]'
WARNING: [Synth 8-326] inferred exception to break timing loop: 'set_false_path -through \max_reg[4]__0 /D'
WARNING: [Synth 8-326] inferred exception to break timing loop: 'set_false_path -through i_17/O[0]'
WARNING: [Synth 8-326] inferred exception to break timing loop: 'set_false_path -through \max_reg[5]__0 /D'
WARNING: [Synth 8-326] inferred exception to break timing loop: 'set_false_path -through i_17/O[1]'
WARNING: [Synth 8-326] inferred exception to break timing loop: 'set_false_path -through \max_reg[6]__0 /D'
WARNING: [Synth 8-326] inferred exception to break timing loop: 'set_false_path -through i_17/O[2]'
WARNING: [Synth 8-326] inferred exception to break timing loop: 'set_false_path -through \max_reg[7]__0 /D'
WARNING: [Synth 8-326] inferred exception to break timing loop: 'set_false_path -through i_17/O[3]'
WARNING: [Synth 8-326] inferred exception to break timing loop: 'set_false_path -through \max_reg[8]__0 /D'
WARNING: [Synth 8-326] inferred exception to break timing loop: 'set_false_path -through i_18/O[0]'
WARNING: [Synth 8-326] inferred exception to break timing loop: 'set_false_path -through \max_reg[9]__0 /D'
WARNING: [Synth 8-326] inferred exception to break timing loop: 'set_false_path -through i_18/O[1]'
WARNING: [Synth 8-326] inferred exception to break timing loop: 'set_false_path -through \max_reg[10]__0 /D'
WARNING: [Synth 8-326] inferred exception to break timing loop: 'set_false_path -through i_18/O[2]'
WARNING: [Synth 8-326] inferred exception to break timing loop: 'set_false_path -through \max_reg[11]__0 /D'
WARNING: [Synth 8-326] inferred exception to break timing loop: 'set_false_path -through i_18/O[3]'
WARNING: [Synth 8-326] inferred exception to break timing loop: 'set_false_path -through \max_reg[12]__0 /D'
WARNING: [Synth 8-326] inferred exception to break timing loop: 'set_false_path -through i_19/O[0]'
WARNING: [Synth 8-326] inferred exception to break timing loop: 'set_false_path -through \max_reg[13]__0 /D'
WARNING: [Synth 8-326] inferred exception to break timing loop: 'set_false_path -through i_19/O[1]'
WARNING: [Synth 8-326] inferred exception to break timing loop: 'set_false_path -through \max_reg[14]__0 /D'
WARNING: [Synth 8-326] inferred exception to break timing loop: 'set_false_path -through i_19/O[2]'
WARNING: [Synth 8-326] inferred exception to break timing loop: 'set_false_path -through \max_reg[15]__0 /D'
WARNING: [Synth 8-326] inferred exception to break timing loop: 'set_false_path -through i_19/O[3]'
WARNING: [Synth 8-326] inferred exception to break timing loop: 'set_false_path -through \max_reg[16]__0 /D'
WARNING: [Synth 8-326] inferred exception to break timing loop: 'set_false_path -through i_20/O[0]'
WARNING: [Synth 8-326] inferred exception to break timing loop: 'set_false_path -through \max_reg[17]__0 /D'
WARNING: [Synth 8-326] inferred exception to break timing loop: 'set_false_path -through i_20/O[1]'
WARNING: [Synth 8-326] inferred exception to break timing loop: 'set_false_path -through \max_reg[18]__0 /D'
WARNING: [Synth 8-326] inferred exception to break timing loop: 'set_false_path -through i_20/O[2]'
WARNING: [Synth 8-326] inferred exception to break timing loop: 'set_false_path -through \max_reg[19]__0 /D'
WARNING: [Synth 8-326] inferred exception to break timing loop: 'set_false_path -through i_20/O[3]'
WARNING: [Synth 8-326] inferred exception to break timing loop: 'set_false_path -through \max_reg[20]__0 /D'
WARNING: [Synth 8-326] inferred exception to break timing loop: 'set_false_path -through i_21/O[0]'
WARNING: [Synth 8-326] inferred exception to break timing loop: 'set_false_path -through \max_reg[21]__0 /D'
WARNING: [Synth 8-326] inferred exception to break timing loop: 'set_false_path -through i_21/O[1]'
WARNING: [Synth 8-326] inferred exception to break timing loop: 'set_false_path -through \max_reg[22]__0 /D'
WARNING: [Synth 8-326] inferred exception to break timing loop: 'set_false_path -through i_21/O[2]'
WARNING: [Synth 8-326] inferred exception to break timing loop: 'set_false_path -through \max_reg[23]__0 /D'
WARNING: [Synth 8-326] inferred exception to break timing loop: 'set_false_path -through i_21/O[3]'
WARNING: [Synth 8-326] inferred exception to break timing loop: 'set_false_path -through \max_reg[24]__0 /D'
WARNING: [Synth 8-326] inferred exception to break timing loop: 'set_false_path -through i_22/O[0]'
WARNING: [Synth 8-326] inferred exception to break timing loop: 'set_false_path -through \max_reg[25]__0 /D'
WARNING: [Synth 8-326] inferred exception to break timing loop: 'set_false_path -through i_22/O[1]'
WARNING: [Synth 8-326] inferred exception to break timing loop: 'set_false_path -through \max_reg[26]__0 /D'
WARNING: [Synth 8-326] inferred exception to break timing loop: 'set_false_path -through i_22/O[2]'
WARNING: [Synth 8-326] inferred exception to break timing loop: 'set_false_path -through \max_reg[27]__0 /D'
WARNING: [Synth 8-326] inferred exception to break timing loop: 'set_false_path -through i_22/O[3]'
WARNING: [Synth 8-326] inferred exception to break timing loop: 'set_false_path -through \max_reg[28]__0 /D'
WARNING: [Synth 8-326] inferred exception to break timing loop: 'set_false_path -through i_23/O[0]'
WARNING: [Synth 8-326] inferred exception to break timing loop: 'set_false_path -through \max_reg[29]__0 /D'
WARNING: [Synth 8-326] inferred exception to break timing loop: 'set_false_path -through i_23/O[1]'
WARNING: [Synth 8-326] inferred exception to break timing loop: 'set_false_path -through \max_reg[30]__0 /D'
WARNING: [Synth 8-326] inferred exception to break timing loop: 'set_false_path -through i_23/O[2]'
---------------------------------------------------------------------------------
Finished Technology Mapping : Time (s): cpu = 00:00:39 ; elapsed = 00:00:47 . Memory (MB): peak = 860.336 ; gain = 528.164
---------------------------------------------------------------------------------

Report RTL Partitions: 
+-+--------------+------------+----------+
| |RTL Partition |Replication |Instances |
+-+--------------+------------+----------+
+-+--------------+------------+----------+
---------------------------------------------------------------------------------
Start IO Insertion
---------------------------------------------------------------------------------
---------------------------------------------------------------------------------
Start Flattening Before IO Insertion
---------------------------------------------------------------------------------
---------------------------------------------------------------------------------
Finished Flattening Before IO Insertion
---------------------------------------------------------------------------------
---------------------------------------------------------------------------------
Start Final Netlist Cleanup
---------------------------------------------------------------------------------
---------------------------------------------------------------------------------
Finished Final Netlist Cleanup
---------------------------------------------------------------------------------
---------------------------------------------------------------------------------
Finished IO Insertion : Time (s): cpu = 00:00:41 ; elapsed = 00:00:50 . Memory (MB): peak = 860.336 ; gain = 528.164
---------------------------------------------------------------------------------
CRITICAL WARNING: [Synth 8-6859] multi-driven net on pin max[31] with 1st driver pin 'max_reg[31]__0/Q' [D:/aulas/cr/projects/p04/p04.srcs/sources_1/new/e1_Count_consec_ones.vhd:30]
CRITICAL WARNING: [Synth 8-6859] multi-driven net on pin max[31] with 2nd driver pin 'max_reg[31]/Q' [D:/aulas/cr/projects/p04/p04.srcs/sources_1/new/e1_Count_consec_ones.vhd:41]
CRITICAL WARNING: [Synth 8-6859] multi-driven net on pin max[30] with 1st driver pin 'max_reg[30]__0/Q' [D:/aulas/cr/projects/p04/p04.srcs/sources_1/new/e1_Count_consec_ones.vhd:30]
CRITICAL WARNING: [Synth 8-6859] multi-driven net on pin max[30] with 2nd driver pin 'max_reg[30]/Q' [D:/aulas/cr/projects/p04/p04.srcs/sources_1/new/e1_Count_consec_ones.vhd:41]
CRITICAL WARNING: [Synth 8-6859] multi-driven net on pin max[29] with 1st driver pin 'max_reg[29]__0/Q' [D:/aulas/cr/projects/p04/p04.srcs/sources_1/new/e1_Count_consec_ones.vhd:30]
CRITICAL WARNING: [Synth 8-6859] multi-driven net on pin max[29] with 2nd driver pin 'max_reg[29]/Q' [D:/aulas/cr/projects/p04/p04.srcs/sources_1/new/e1_Count_consec_ones.vhd:41]
CRITICAL WARNING: [Synth 8-6859] multi-driven net on pin max[28] with 1st driver pin 'max_reg[28]__0/Q' [D:/aulas/cr/projects/p04/p04.srcs/sources_1/new/e1_Count_consec_ones.vhd:30]
CRITICAL WARNING: [Synth 8-6859] multi-driven net on pin max[28] with 2nd driver pin 'max_reg[28]/Q' [D:/aulas/cr/projects/p04/p04.srcs/sources_1/new/e1_Count_consec_ones.vhd:41]
CRITICAL WARNING: [Synth 8-6859] multi-driven net on pin max[27] with 1st driver pin 'max_reg[27]__0/Q' [D:/aulas/cr/projects/p04/p04.srcs/sources_1/new/e1_Count_consec_ones.vhd:30]
CRITICAL WARNING: [Synth 8-6859] multi-driven net on pin max[27] with 2nd driver pin 'max_reg[27]/Q' [D:/aulas/cr/projects/p04/p04.srcs/sources_1/new/e1_Count_consec_ones.vhd:41]
CRITICAL WARNING: [Synth 8-6859] multi-driven net on pin max[26] with 1st driver pin 'max_reg[26]__0/Q' [D:/aulas/cr/projects/p04/p04.srcs/sources_1/new/e1_Count_consec_ones.vhd:30]
CRITICAL WARNING: [Synth 8-6859] multi-driven net on pin max[26] with 2nd driver pin 'max_reg[26]/Q' [D:/aulas/cr/projects/p04/p04.srcs/sources_1/new/e1_Count_consec_ones.vhd:41]
CRITICAL WARNING: [Synth 8-6859] multi-driven net on pin max[25] with 1st driver pin 'max_reg[25]__0/Q' [D:/aulas/cr/projects/p04/p04.srcs/sources_1/new/e1_Count_consec_ones.vhd:30]
CRITICAL WARNING: [Synth 8-6859] multi-driven net on pin max[25] with 2nd driver pin 'max_reg[25]/Q' [D:/aulas/cr/projects/p04/p04.srcs/sources_1/new/e1_Count_consec_ones.vhd:41]
CRITICAL WARNING: [Synth 8-6859] multi-driven net on pin max[24] with 1st driver pin 'max_reg[24]__0/Q' [D:/aulas/cr/projects/p04/p04.srcs/sources_1/new/e1_Count_consec_ones.vhd:30]
CRITICAL WARNING: [Synth 8-6859] multi-driven net on pin max[24] with 2nd driver pin 'max_reg[24]/Q' [D:/aulas/cr/projects/p04/p04.srcs/sources_1/new/e1_Count_consec_ones.vhd:41]
CRITICAL WARNING: [Synth 8-6859] multi-driven net on pin max[23] with 1st driver pin 'max_reg[23]__0/Q' [D:/aulas/cr/projects/p04/p04.srcs/sources_1/new/e1_Count_consec_ones.vhd:30]
CRITICAL WARNING: [Synth 8-6859] multi-driven net on pin max[23] with 2nd driver pin 'max_reg[23]/Q' [D:/aulas/cr/projects/p04/p04.srcs/sources_1/new/e1_Count_consec_ones.vhd:41]
CRITICAL WARNING: [Synth 8-6859] multi-driven net on pin max[22] with 1st driver pin 'max_reg[22]__0/Q' [D:/aulas/cr/projects/p04/p04.srcs/sources_1/new/e1_Count_consec_ones.vhd:30]
CRITICAL WARNING: [Synth 8-6859] multi-driven net on pin max[22] with 2nd driver pin 'max_reg[22]/Q' [D:/aulas/cr/projects/p04/p04.srcs/sources_1/new/e1_Count_consec_ones.vhd:41]
CRITICAL WARNING: [Synth 8-6859] multi-driven net on pin max[21] with 1st driver pin 'max_reg[21]__0/Q' [D:/aulas/cr/projects/p04/p04.srcs/sources_1/new/e1_Count_consec_ones.vhd:30]
CRITICAL WARNING: [Synth 8-6859] multi-driven net on pin max[21] with 2nd driver pin 'max_reg[21]/Q' [D:/aulas/cr/projects/p04/p04.srcs/sources_1/new/e1_Count_consec_ones.vhd:41]
CRITICAL WARNING: [Synth 8-6859] multi-driven net on pin max[20] with 1st driver pin 'max_reg[20]__0/Q' [D:/aulas/cr/projects/p04/p04.srcs/sources_1/new/e1_Count_consec_ones.vhd:30]
CRITICAL WARNING: [Synth 8-6859] multi-driven net on pin max[20] with 2nd driver pin 'max_reg[20]/Q' [D:/aulas/cr/projects/p04/p04.srcs/sources_1/new/e1_Count_consec_ones.vhd:41]
CRITICAL WARNING: [Synth 8-6859] multi-driven net on pin max[19] with 1st driver pin 'max_reg[19]__0/Q' [D:/aulas/cr/projects/p04/p04.srcs/sources_1/new/e1_Count_consec_ones.vhd:30]
CRITICAL WARNING: [Synth 8-6859] multi-driven net on pin max[19] with 2nd driver pin 'max_reg[19]/Q' [D:/aulas/cr/projects/p04/p04.srcs/sources_1/new/e1_Count_consec_ones.vhd:41]
CRITICAL WARNING: [Synth 8-6859] multi-driven net on pin max[18] with 1st driver pin 'max_reg[18]__0/Q' [D:/aulas/cr/projects/p04/p04.srcs/sources_1/new/e1_Count_consec_ones.vhd:30]
CRITICAL WARNING: [Synth 8-6859] multi-driven net on pin max[18] with 2nd driver pin 'max_reg[18]/Q' [D:/aulas/cr/projects/p04/p04.srcs/sources_1/new/e1_Count_consec_ones.vhd:41]
CRITICAL WARNING: [Synth 8-6859] multi-driven net on pin max[17] with 1st driver pin 'max_reg[17]__0/Q' [D:/aulas/cr/projects/p04/p04.srcs/sources_1/new/e1_Count_consec_ones.vhd:30]
CRITICAL WARNING: [Synth 8-6859] multi-driven net on pin max[17] with 2nd driver pin 'max_reg[17]/Q' [D:/aulas/cr/projects/p04/p04.srcs/sources_1/new/e1_Count_consec_ones.vhd:41]
CRITICAL WARNING: [Synth 8-6859] multi-driven net on pin max[16] with 1st driver pin 'max_reg[16]__0/Q' [D:/aulas/cr/projects/p04/p04.srcs/sources_1/new/e1_Count_consec_ones.vhd:30]
CRITICAL WARNING: [Synth 8-6859] multi-driven net on pin max[16] with 2nd driver pin 'max_reg[16]/Q' [D:/aulas/cr/projects/p04/p04.srcs/sources_1/new/e1_Count_consec_ones.vhd:41]
CRITICAL WARNING: [Synth 8-6859] multi-driven net on pin led_OBUF[15] with 1st driver pin 'max_reg[15]/Q' [D:/aulas/cr/projects/p04/p04.srcs/sources_1/new/e1_Count_consec_ones.vhd:41]
CRITICAL WARNING: [Synth 8-6859] multi-driven net on pin led_OBUF[15] with 2nd driver pin 'max_reg[15]__0/Q' [D:/aulas/cr/projects/p04/p04.srcs/sources_1/new/e1_Count_consec_ones.vhd:30]
CRITICAL WARNING: [Synth 8-6859] multi-driven net on pin led_OBUF[14] with 1st driver pin 'max_reg[14]/Q' [D:/aulas/cr/projects/p04/p04.srcs/sources_1/new/e1_Count_consec_ones.vhd:41]
CRITICAL WARNING: [Synth 8-6859] multi-driven net on pin led_OBUF[14] with 2nd driver pin 'max_reg[14]__0/Q' [D:/aulas/cr/projects/p04/p04.srcs/sources_1/new/e1_Count_consec_ones.vhd:30]
CRITICAL WARNING: [Synth 8-6859] multi-driven net on pin led_OBUF[13] with 1st driver pin 'max_reg[13]/Q' [D:/aulas/cr/projects/p04/p04.srcs/sources_1/new/e1_Count_consec_ones.vhd:41]
CRITICAL WARNING: [Synth 8-6859] multi-driven net on pin led_OBUF[13] with 2nd driver pin 'max_reg[13]__0/Q' [D:/aulas/cr/projects/p04/p04.srcs/sources_1/new/e1_Count_consec_ones.vhd:30]
CRITICAL WARNING: [Synth 8-6859] multi-driven net on pin led_OBUF[12] with 1st driver pin 'max_reg[12]/Q' [D:/aulas/cr/projects/p04/p04.srcs/sources_1/new/e1_Count_consec_ones.vhd:41]
CRITICAL WARNING: [Synth 8-6859] multi-driven net on pin led_OBUF[12] with 2nd driver pin 'max_reg[12]__0/Q' [D:/aulas/cr/projects/p04/p04.srcs/sources_1/new/e1_Count_consec_ones.vhd:30]
CRITICAL WARNING: [Synth 8-6859] multi-driven net on pin led_OBUF[11] with 1st driver pin 'max_reg[11]/Q' [D:/aulas/cr/projects/p04/p04.srcs/sources_1/new/e1_Count_consec_ones.vhd:41]
CRITICAL WARNING: [Synth 8-6859] multi-driven net on pin led_OBUF[11] with 2nd driver pin 'max_reg[11]__0/Q' [D:/aulas/cr/projects/p04/p04.srcs/sources_1/new/e1_Count_consec_ones.vhd:30]
CRITICAL WARNING: [Synth 8-6859] multi-driven net on pin led_OBUF[10] with 1st driver pin 'max_reg[10]/Q' [D:/aulas/cr/projects/p04/p04.srcs/sources_1/new/e1_Count_consec_ones.vhd:41]
CRITICAL WARNING: [Synth 8-6859] multi-driven net on pin led_OBUF[10] with 2nd driver pin 'max_reg[10]__0/Q' [D:/aulas/cr/projects/p04/p04.srcs/sources_1/new/e1_Count_consec_ones.vhd:30]
CRITICAL WARNING: [Synth 8-6859] multi-driven net on pin led_OBUF[9] with 1st driver pin 'max_reg[9]/Q' [D:/aulas/cr/projects/p04/p04.srcs/sources_1/new/e1_Count_consec_ones.vhd:41]
CRITICAL WARNING: [Synth 8-6859] multi-driven net on pin led_OBUF[9] with 2nd driver pin 'max_reg[9]__0/Q' [D:/aulas/cr/projects/p04/p04.srcs/sources_1/new/e1_Count_consec_ones.vhd:30]
CRITICAL WARNING: [Synth 8-6859] multi-driven net on pin led_OBUF[8] with 1st driver pin 'max_reg[8]/Q' [D:/aulas/cr/projects/p04/p04.srcs/sources_1/new/e1_Count_consec_ones.vhd:41]
CRITICAL WARNING: [Synth 8-6859] multi-driven net on pin led_OBUF[8] with 2nd driver pin 'max_reg[8]__0/Q' [D:/aulas/cr/projects/p04/p04.srcs/sources_1/new/e1_Count_consec_ones.vhd:30]
CRITICAL WARNING: [Synth 8-6859] multi-driven net on pin led_OBUF[7] with 1st driver pin 'max_reg[7]/Q' [D:/aulas/cr/projects/p04/p04.srcs/sources_1/new/e1_Count_consec_ones.vhd:41]
CRITICAL WARNING: [Synth 8-6859] multi-driven net on pin led_OBUF[7] with 2nd driver pin 'max_reg[7]__0/Q' [D:/aulas/cr/projects/p04/p04.srcs/sources_1/new/e1_Count_consec_ones.vhd:30]
CRITICAL WARNING: [Synth 8-6859] multi-driven net on pin led_OBUF[6] with 1st driver pin 'max_reg[6]/Q' [D:/aulas/cr/projects/p04/p04.srcs/sources_1/new/e1_Count_consec_ones.vhd:41]
CRITICAL WARNING: [Synth 8-6859] multi-driven net on pin led_OBUF[6] with 2nd driver pin 'max_reg[6]__0/Q' [D:/aulas/cr/projects/p04/p04.srcs/sources_1/new/e1_Count_consec_ones.vhd:30]
CRITICAL WARNING: [Synth 8-6859] multi-driven net on pin led_OBUF[5] with 1st driver pin 'max_reg[5]/Q' [D:/aulas/cr/projects/p04/p04.srcs/sources_1/new/e1_Count_consec_ones.vhd:41]
CRITICAL WARNING: [Synth 8-6859] multi-driven net on pin led_OBUF[5] with 2nd driver pin 'max_reg[5]__0/Q' [D:/aulas/cr/projects/p04/p04.srcs/sources_1/new/e1_Count_consec_ones.vhd:30]
CRITICAL WARNING: [Synth 8-6859] multi-driven net on pin led_OBUF[4] with 1st driver pin 'max_reg[4]/Q' [D:/aulas/cr/projects/p04/p04.srcs/sources_1/new/e1_Count_consec_ones.vhd:41]
CRITICAL WARNING: [Synth 8-6859] multi-driven net on pin led_OBUF[4] with 2nd driver pin 'max_reg[4]__0/Q' [D:/aulas/cr/projects/p04/p04.srcs/sources_1/new/e1_Count_consec_ones.vhd:30]
CRITICAL WARNING: [Synth 8-6859] multi-driven net on pin led_OBUF[3] with 1st driver pin 'max_reg[3]/Q' [D:/aulas/cr/projects/p04/p04.srcs/sources_1/new/e1_Count_consec_ones.vhd:41]
CRITICAL WARNING: [Synth 8-6859] multi-driven net on pin led_OBUF[3] with 2nd driver pin 'max_reg[3]__0/Q' [D:/aulas/cr/projects/p04/p04.srcs/sources_1/new/e1_Count_consec_ones.vhd:30]
CRITICAL WARNING: [Synth 8-6859] multi-driven net on pin led_OBUF[2] with 1st driver pin 'max_reg[2]/Q' [D:/aulas/cr/projects/p04/p04.srcs/sources_1/new/e1_Count_consec_ones.vhd:41]
CRITICAL WARNING: [Synth 8-6859] multi-driven net on pin led_OBUF[2] with 2nd driver pin 'max_reg[2]__0/Q' [D:/aulas/cr/projects/p04/p04.srcs/sources_1/new/e1_Count_consec_ones.vhd:30]
CRITICAL WARNING: [Synth 8-6859] multi-driven net on pin led_OBUF[1] with 1st driver pin 'max_reg[1]/Q' [D:/aulas/cr/projects/p04/p04.srcs/sources_1/new/e1_Count_consec_ones.vhd:41]
CRITICAL WARNING: [Synth 8-6859] multi-driven net on pin led_OBUF[1] with 2nd driver pin 'max_reg[1]__0/Q' [D:/aulas/cr/projects/p04/p04.srcs/sources_1/new/e1_Count_consec_ones.vhd:30]
CRITICAL WARNING: [Synth 8-6859] multi-driven net on pin led_OBUF[0] with 1st driver pin 'max_reg[0]/Q' [D:/aulas/cr/projects/p04/p04.srcs/sources_1/new/e1_Count_consec_ones.vhd:41]
CRITICAL WARNING: [Synth 8-6859] multi-driven net on pin led_OBUF[0] with 2nd driver pin 'max_reg[0]__0/Q' [D:/aulas/cr/projects/p04/p04.srcs/sources_1/new/e1_Count_consec_ones.vhd:30]

Report Check Netlist: 
+------+------------------+-------+---------+-------+------------------+
|      |Item              |Errors |Warnings |Status |Description       |
+------+------------------+-------+---------+-------+------------------+
|1     |multi_driven_nets |      0|       32|Failed |Multi driven nets |
+------+------------------+-------+---------+-------+------------------+
---------------------------------------------------------------------------------
Start Renaming Generated Instances
---------------------------------------------------------------------------------
---------------------------------------------------------------------------------
Finished Renaming Generated Instances : Time (s): cpu = 00:00:41 ; elapsed = 00:00:50 . Memory (MB): peak = 860.336 ; gain = 528.164
---------------------------------------------------------------------------------

Report RTL Partitions: 
+-+--------------+------------+----------+
| |RTL Partition |Replication |Instances |
+-+--------------+------------+----------+
+-+--------------+------------+----------+
WARNING: [Synth 8-326] inferred exception to break timing loop: 'set_false_path -through \max[0]__0_i_1 /O'
---------------------------------------------------------------------------------
Start Rebuilding User Hierarchy
---------------------------------------------------------------------------------
---------------------------------------------------------------------------------
Finished Rebuilding User Hierarchy : Time (s): cpu = 00:00:41 ; elapsed = 00:00:50 . Memory (MB): peak = 860.336 ; gain = 528.164
---------------------------------------------------------------------------------
---------------------------------------------------------------------------------
Start Renaming Generated Ports
---------------------------------------------------------------------------------
---------------------------------------------------------------------------------
Finished Renaming Generated Ports : Time (s): cpu = 00:00:41 ; elapsed = 00:00:50 . Memory (MB): peak = 860.336 ; gain = 528.164
---------------------------------------------------------------------------------
---------------------------------------------------------------------------------
Start Handling Custom Attributes
---------------------------------------------------------------------------------
---------------------------------------------------------------------------------
Finished Handling Custom Attributes : Time (s): cpu = 00:00:41 ; elapsed = 00:00:50 . Memory (MB): peak = 860.336 ; gain = 528.164
---------------------------------------------------------------------------------
---------------------------------------------------------------------------------
Start Renaming Generated Nets
---------------------------------------------------------------------------------
---------------------------------------------------------------------------------
Finished Renaming Generated Nets : Time (s): cpu = 00:00:41 ; elapsed = 00:00:50 . Memory (MB): peak = 860.336 ; gain = 528.164
---------------------------------------------------------------------------------
---------------------------------------------------------------------------------
Start Writing Synthesis Report
---------------------------------------------------------------------------------

Report BlackBoxes: 
+-+--------------+----------+
| |BlackBox name |Instances |
+-+--------------+----------+
+-+--------------+----------+

Report Cell Usage: 
+------+-------+------+
|      |Cell   |Count |
+------+-------+------+
|1     |BUFG   |     2|
|2     |CARRY4 |    26|
|3     |LUT1   |     1|
|4     |LUT2   |    62|
|5     |LUT4   |    65|
|6     |LUT5   |     3|
|7     |LUT6   |    43|
|8     |FDRE   |    66|
|9     |LD     |    48|
|10    |IBUF   |    17|
|11    |OBUF   |    16|
+------+-------+------+

Report Instance Areas: 
+------+---------+-------+------+
|      |Instance |Module |Cells |
+------+---------+-------+------+
|1     |top      |       |   349|
+------+---------+-------+------+
---------------------------------------------------------------------------------
Finished Writing Synthesis Report : Time (s): cpu = 00:00:41 ; elapsed = 00:00:50 . Memory (MB): peak = 860.336 ; gain = 528.164
---------------------------------------------------------------------------------
Synthesis finished with 0 errors, 65 critical warnings and 64 warnings.
Synthesis Optimization Runtime : Time (s): cpu = 00:00:27 ; elapsed = 00:00:38 . Memory (MB): peak = 860.336 ; gain = 191.773
Synthesis Optimization Complete : Time (s): cpu = 00:00:42 ; elapsed = 00:00:51 . Memory (MB): peak = 860.336 ; gain = 528.164
INFO: [Project 1-571] Translating synthesized netlist
INFO: [Netlist 29-17] Analyzing 74 Unisim elements for replacement
INFO: [Netlist 29-28] Unisim Transformation completed in 0 CPU seconds
INFO: [Project 1-570] Preparing netlist for logic optimization
INFO: [Opt 31-138] Pushed 0 inverter(s) to 0 load pin(s).
Netlist sorting complete. Time (s): cpu = 00:00:00 ; elapsed = 00:00:00 . Memory (MB): peak = 860.336 ; gain = 0.000
INFO: [Project 1-111] Unisim Transformation Summary:
  A total of 48 instances were transformed.
  LD => LDCE: 48 instances

INFO: [Common 17-83] Releasing license: Synthesis
19 Infos, 67 Warnings, 65 Critical Warnings and 0 Errors encountered.
synth_design completed successfully
synth_design: Time (s): cpu = 00:00:45 ; elapsed = 00:00:55 . Memory (MB): peak = 860.336 ; gain = 540.988
Netlist sorting complete. Time (s): cpu = 00:00:00 ; elapsed = 00:00:00 . Memory (MB): peak = 860.336 ; gain = 0.000
WARNING: [Constraints 18-5210] No constraints selected for write.
Resolution: This message can indicate that there are no constraints for the design, or it can indicate that the used_in flags are set such that the constraints are ignored. This later case is used when running synth_design to not write synthesis constraints to the resulting checkpoint. Instead, project constraints are read when the synthesized design is opened.
INFO: [Common 17-1381] The checkpoint 'D:/aulas/cr/projects/p04/p04.runs/synth_1/e1_Count_consec_ones.dcp' has been generated.
INFO: [runtcl-4] Executing : report_utilization -file e1_Count_consec_ones_utilization_synth.rpt -pb e1_Count_consec_ones_utilization_synth.pb
INFO: [Common 17-206] Exiting Vivado at Tue Mar 26 17:47:38 2019...
