
*** Running vivado
    with args -log e4_MaxValue.vds -m64 -product Vivado -mode batch -messageDb vivado.pb -notrace -source e4_MaxValue.tcl


****** Vivado v2018.3 (64-bit)
  **** SW Build 2405991 on Thu Dec  6 23:38:27 MST 2018
  **** IP Build 2404404 on Fri Dec  7 01:43:56 MST 2018
    ** Copyright 1986-2018 Xilinx, Inc. All Rights Reserved.

source e4_MaxValue.tcl -notrace
INFO: [IP_Flow 19-234] Refreshing IP repositories
INFO: [IP_Flow 19-1700] Loaded user IP repository 'd:/aulas/cr/projects/p02'.
WARNING: [IP_Flow 19-3656] If you move the project, the path for repository 'd:/aulas/cr/projects/p02' may become invalid. A better location for the repository would be in a path adjacent to the project. (Current project location is 'd:/aulas/cr/projects/p02/p02.runs/synth_1'.)
INFO: [IP_Flow 19-1700] Loaded user IP repository 'd:/aulas/cr/projects/repo'.
INFO: [IP_Flow 19-2313] Loaded Vivado IP repository 'C:/Xilinx/Vivado/2018.3/data/ip'.
update_ip_catalog: Time (s): cpu = 00:00:05 ; elapsed = 00:00:06 . Memory (MB): peak = 351.410 ; gain = 31.234
Command: synth_design -top e4_MaxValue -part xc7a100tcsg324-1
Starting synth_design
Attempting to get a license for feature 'Synthesis' and/or device 'xc7a100t'
INFO: [Common 17-349] Got license for feature 'Synthesis' and/or device 'xc7a100t'
INFO: Launching helper process for spawning children vivado processes
INFO: Helper process launched with PID 940 
---------------------------------------------------------------------------------
Starting RTL Elaboration : Time (s): cpu = 00:00:04 ; elapsed = 00:00:06 . Memory (MB): peak = 466.785 ; gain = 102.125
---------------------------------------------------------------------------------
INFO: [Synth 8-638] synthesizing module 'e4_MaxValue' [D:/aulas/cr/projects/p02/p02.srcs/sources_1/new/e4_MaxValue.vhd:13]
INFO: [Synth 8-3491] module 'send_to_disp' declared at 'D:/aulas/cr/projects/p02/p02.srcs/sources_1/new/send_to_disp.vhd:6' bound to instance 'to_seg' of component 'send_to_disp' [D:/aulas/cr/projects/p02/p02.srcs/sources_1/new/e4_MaxValue.vhd:37]
INFO: [Synth 8-638] synthesizing module 'send_to_disp' [D:/aulas/cr/projects/p02/p02.srcs/sources_1/new/send_to_disp.vhd:14]
INFO: [Synth 8-256] done synthesizing module 'send_to_disp' (1#1) [D:/aulas/cr/projects/p02/p02.srcs/sources_1/new/send_to_disp.vhd:14]
WARNING: [Synth 8-614] signal 's_v0' is read in the process but is not in the sensitivity list [D:/aulas/cr/projects/p02/p02.srcs/sources_1/new/e4_MaxValue.vhd:43]
WARNING: [Synth 8-614] signal 's_v1' is read in the process but is not in the sensitivity list [D:/aulas/cr/projects/p02/p02.srcs/sources_1/new/e4_MaxValue.vhd:43]
WARNING: [Synth 8-614] signal 's_v2' is read in the process but is not in the sensitivity list [D:/aulas/cr/projects/p02/p02.srcs/sources_1/new/e4_MaxValue.vhd:43]
WARNING: [Synth 8-614] signal 's_v3' is read in the process but is not in the sensitivity list [D:/aulas/cr/projects/p02/p02.srcs/sources_1/new/e4_MaxValue.vhd:43]
INFO: [Synth 8-256] done synthesizing module 'e4_MaxValue' (2#1) [D:/aulas/cr/projects/p02/p02.srcs/sources_1/new/e4_MaxValue.vhd:13]
---------------------------------------------------------------------------------
Finished RTL Elaboration : Time (s): cpu = 00:00:06 ; elapsed = 00:00:07 . Memory (MB): peak = 522.316 ; gain = 157.656
---------------------------------------------------------------------------------

Report Check Netlist: 
+------+------------------+-------+---------+-------+------------------+
|      |Item              |Errors |Warnings |Status |Description       |
+------+------------------+-------+---------+-------+------------------+
|1     |multi_driven_nets |      0|        0|Passed |Multi driven nets |
+------+------------------+-------+---------+-------+------------------+
---------------------------------------------------------------------------------
Start Handling Custom Attributes
---------------------------------------------------------------------------------
---------------------------------------------------------------------------------
Finished Handling Custom Attributes : Time (s): cpu = 00:00:06 ; elapsed = 00:00:08 . Memory (MB): peak = 522.316 ; gain = 157.656
---------------------------------------------------------------------------------
---------------------------------------------------------------------------------
Finished RTL Optimization Phase 1 : Time (s): cpu = 00:00:06 ; elapsed = 00:00:08 . Memory (MB): peak = 522.316 ; gain = 157.656
---------------------------------------------------------------------------------
INFO: [Device 21-403] Loading part xc7a100tcsg324-1
INFO: [Project 1-570] Preparing netlist for logic optimization

Processing XDC Constraints
Initializing timing engine
Parsing XDC File [D:/aulas/cr/projects/p02/Nexys4Alunos.xdc]
WARNING: [Vivado 12-584] No ports matched 'clk'. [D:/aulas/cr/projects/p02/Nexys4Alunos.xdc:8]
CRITICAL WARNING: [Common 17-55] 'set_property' expects at least one object. [D:/aulas/cr/projects/p02/Nexys4Alunos.xdc:8]
Resolution: If [get_<value>] was used to populate the object, check to make sure this command returns at least one valid object.
WARNING: [Vivado 12-584] No ports matched 'clk'. [D:/aulas/cr/projects/p02/Nexys4Alunos.xdc:9]
CRITICAL WARNING: [Common 17-55] 'set_property' expects at least one object. [D:/aulas/cr/projects/p02/Nexys4Alunos.xdc:9]
Resolution: If [get_<value>] was used to populate the object, check to make sure this command returns at least one valid object.
WARNING: [Vivado 12-584] No ports matched 'led[0]'. [D:/aulas/cr/projects/p02/Nexys4Alunos.xdc:66]
CRITICAL WARNING: [Common 17-55] 'set_property' expects at least one object. [D:/aulas/cr/projects/p02/Nexys4Alunos.xdc:66]
Resolution: If [get_<value>] was used to populate the object, check to make sure this command returns at least one valid object.
WARNING: [Vivado 12-584] No ports matched 'led[0]'. [D:/aulas/cr/projects/p02/Nexys4Alunos.xdc:67]
CRITICAL WARNING: [Common 17-55] 'set_property' expects at least one object. [D:/aulas/cr/projects/p02/Nexys4Alunos.xdc:67]
Resolution: If [get_<value>] was used to populate the object, check to make sure this command returns at least one valid object.
WARNING: [Vivado 12-584] No ports matched 'led[1]'. [D:/aulas/cr/projects/p02/Nexys4Alunos.xdc:69]
CRITICAL WARNING: [Common 17-55] 'set_property' expects at least one object. [D:/aulas/cr/projects/p02/Nexys4Alunos.xdc:69]
Resolution: If [get_<value>] was used to populate the object, check to make sure this command returns at least one valid object.
WARNING: [Vivado 12-584] No ports matched 'led[1]'. [D:/aulas/cr/projects/p02/Nexys4Alunos.xdc:70]
CRITICAL WARNING: [Common 17-55] 'set_property' expects at least one object. [D:/aulas/cr/projects/p02/Nexys4Alunos.xdc:70]
Resolution: If [get_<value>] was used to populate the object, check to make sure this command returns at least one valid object.
WARNING: [Vivado 12-584] No ports matched 'led[2]'. [D:/aulas/cr/projects/p02/Nexys4Alunos.xdc:72]
CRITICAL WARNING: [Common 17-55] 'set_property' expects at least one object. [D:/aulas/cr/projects/p02/Nexys4Alunos.xdc:72]
Resolution: If [get_<value>] was used to populate the object, check to make sure this command returns at least one valid object.
WARNING: [Vivado 12-584] No ports matched 'led[2]'. [D:/aulas/cr/projects/p02/Nexys4Alunos.xdc:73]
CRITICAL WARNING: [Common 17-55] 'set_property' expects at least one object. [D:/aulas/cr/projects/p02/Nexys4Alunos.xdc:73]
Resolution: If [get_<value>] was used to populate the object, check to make sure this command returns at least one valid object.
WARNING: [Vivado 12-584] No ports matched 'led[3]'. [D:/aulas/cr/projects/p02/Nexys4Alunos.xdc:75]
CRITICAL WARNING: [Common 17-55] 'set_property' expects at least one object. [D:/aulas/cr/projects/p02/Nexys4Alunos.xdc:75]
Resolution: If [get_<value>] was used to populate the object, check to make sure this command returns at least one valid object.
WARNING: [Vivado 12-584] No ports matched 'led[3]'. [D:/aulas/cr/projects/p02/Nexys4Alunos.xdc:76]
CRITICAL WARNING: [Common 17-55] 'set_property' expects at least one object. [D:/aulas/cr/projects/p02/Nexys4Alunos.xdc:76]
Resolution: If [get_<value>] was used to populate the object, check to make sure this command returns at least one valid object.
WARNING: [Vivado 12-584] No ports matched 'led[4]'. [D:/aulas/cr/projects/p02/Nexys4Alunos.xdc:78]
CRITICAL WARNING: [Common 17-55] 'set_property' expects at least one object. [D:/aulas/cr/projects/p02/Nexys4Alunos.xdc:78]
Resolution: If [get_<value>] was used to populate the object, check to make sure this command returns at least one valid object.
WARNING: [Vivado 12-584] No ports matched 'led[4]'. [D:/aulas/cr/projects/p02/Nexys4Alunos.xdc:79]
CRITICAL WARNING: [Common 17-55] 'set_property' expects at least one object. [D:/aulas/cr/projects/p02/Nexys4Alunos.xdc:79]
Resolution: If [get_<value>] was used to populate the object, check to make sure this command returns at least one valid object.
WARNING: [Vivado 12-584] No ports matched 'led[5]'. [D:/aulas/cr/projects/p02/Nexys4Alunos.xdc:81]
CRITICAL WARNING: [Common 17-55] 'set_property' expects at least one object. [D:/aulas/cr/projects/p02/Nexys4Alunos.xdc:81]
Resolution: If [get_<value>] was used to populate the object, check to make sure this command returns at least one valid object.
WARNING: [Vivado 12-584] No ports matched 'led[5]'. [D:/aulas/cr/projects/p02/Nexys4Alunos.xdc:82]
CRITICAL WARNING: [Common 17-55] 'set_property' expects at least one object. [D:/aulas/cr/projects/p02/Nexys4Alunos.xdc:82]
Resolution: If [get_<value>] was used to populate the object, check to make sure this command returns at least one valid object.
WARNING: [Vivado 12-584] No ports matched 'led[6]'. [D:/aulas/cr/projects/p02/Nexys4Alunos.xdc:84]
CRITICAL WARNING: [Common 17-55] 'set_property' expects at least one object. [D:/aulas/cr/projects/p02/Nexys4Alunos.xdc:84]
Resolution: If [get_<value>] was used to populate the object, check to make sure this command returns at least one valid object.
WARNING: [Vivado 12-584] No ports matched 'led[6]'. [D:/aulas/cr/projects/p02/Nexys4Alunos.xdc:85]
CRITICAL WARNING: [Common 17-55] 'set_property' expects at least one object. [D:/aulas/cr/projects/p02/Nexys4Alunos.xdc:85]
Resolution: If [get_<value>] was used to populate the object, check to make sure this command returns at least one valid object.
WARNING: [Vivado 12-584] No ports matched 'led[7]'. [D:/aulas/cr/projects/p02/Nexys4Alunos.xdc:87]
CRITICAL WARNING: [Common 17-55] 'set_property' expects at least one object. [D:/aulas/cr/projects/p02/Nexys4Alunos.xdc:87]
Resolution: If [get_<value>] was used to populate the object, check to make sure this command returns at least one valid object.
WARNING: [Vivado 12-584] No ports matched 'led[7]'. [D:/aulas/cr/projects/p02/Nexys4Alunos.xdc:88]
CRITICAL WARNING: [Common 17-55] 'set_property' expects at least one object. [D:/aulas/cr/projects/p02/Nexys4Alunos.xdc:88]
Resolution: If [get_<value>] was used to populate the object, check to make sure this command returns at least one valid object.
WARNING: [Vivado 12-584] No ports matched 'led[8]'. [D:/aulas/cr/projects/p02/Nexys4Alunos.xdc:90]
CRITICAL WARNING: [Common 17-55] 'set_property' expects at least one object. [D:/aulas/cr/projects/p02/Nexys4Alunos.xdc:90]
Resolution: If [get_<value>] was used to populate the object, check to make sure this command returns at least one valid object.
WARNING: [Vivado 12-584] No ports matched 'led[8]'. [D:/aulas/cr/projects/p02/Nexys4Alunos.xdc:91]
CRITICAL WARNING: [Common 17-55] 'set_property' expects at least one object. [D:/aulas/cr/projects/p02/Nexys4Alunos.xdc:91]
Resolution: If [get_<value>] was used to populate the object, check to make sure this command returns at least one valid object.
WARNING: [Vivado 12-584] No ports matched 'led[9]'. [D:/aulas/cr/projects/p02/Nexys4Alunos.xdc:93]
CRITICAL WARNING: [Common 17-55] 'set_property' expects at least one object. [D:/aulas/cr/projects/p02/Nexys4Alunos.xdc:93]
Resolution: If [get_<value>] was used to populate the object, check to make sure this command returns at least one valid object.
WARNING: [Vivado 12-584] No ports matched 'led[9]'. [D:/aulas/cr/projects/p02/Nexys4Alunos.xdc:94]
CRITICAL WARNING: [Common 17-55] 'set_property' expects at least one object. [D:/aulas/cr/projects/p02/Nexys4Alunos.xdc:94]
Resolution: If [get_<value>] was used to populate the object, check to make sure this command returns at least one valid object.
WARNING: [Vivado 12-584] No ports matched 'led[10]'. [D:/aulas/cr/projects/p02/Nexys4Alunos.xdc:96]
CRITICAL WARNING: [Common 17-55] 'set_property' expects at least one object. [D:/aulas/cr/projects/p02/Nexys4Alunos.xdc:96]
Resolution: If [get_<value>] was used to populate the object, check to make sure this command returns at least one valid object.
WARNING: [Vivado 12-584] No ports matched 'led[10]'. [D:/aulas/cr/projects/p02/Nexys4Alunos.xdc:97]
CRITICAL WARNING: [Common 17-55] 'set_property' expects at least one object. [D:/aulas/cr/projects/p02/Nexys4Alunos.xdc:97]
Resolution: If [get_<value>] was used to populate the object, check to make sure this command returns at least one valid object.
WARNING: [Vivado 12-584] No ports matched 'led[11]'. [D:/aulas/cr/projects/p02/Nexys4Alunos.xdc:99]
CRITICAL WARNING: [Common 17-55] 'set_property' expects at least one object. [D:/aulas/cr/projects/p02/Nexys4Alunos.xdc:99]
Resolution: If [get_<value>] was used to populate the object, check to make sure this command returns at least one valid object.
WARNING: [Vivado 12-584] No ports matched 'led[11]'. [D:/aulas/cr/projects/p02/Nexys4Alunos.xdc:100]
CRITICAL WARNING: [Common 17-55] 'set_property' expects at least one object. [D:/aulas/cr/projects/p02/Nexys4Alunos.xdc:100]
Resolution: If [get_<value>] was used to populate the object, check to make sure this command returns at least one valid object.
WARNING: [Vivado 12-584] No ports matched 'led[12]'. [D:/aulas/cr/projects/p02/Nexys4Alunos.xdc:102]
CRITICAL WARNING: [Common 17-55] 'set_property' expects at least one object. [D:/aulas/cr/projects/p02/Nexys4Alunos.xdc:102]
Resolution: If [get_<value>] was used to populate the object, check to make sure this command returns at least one valid object.
WARNING: [Vivado 12-584] No ports matched 'led[12]'. [D:/aulas/cr/projects/p02/Nexys4Alunos.xdc:103]
CRITICAL WARNING: [Common 17-55] 'set_property' expects at least one object. [D:/aulas/cr/projects/p02/Nexys4Alunos.xdc:103]
Resolution: If [get_<value>] was used to populate the object, check to make sure this command returns at least one valid object.
WARNING: [Vivado 12-584] No ports matched 'led[13]'. [D:/aulas/cr/projects/p02/Nexys4Alunos.xdc:105]
CRITICAL WARNING: [Common 17-55] 'set_property' expects at least one object. [D:/aulas/cr/projects/p02/Nexys4Alunos.xdc:105]
Resolution: If [get_<value>] was used to populate the object, check to make sure this command returns at least one valid object.
WARNING: [Vivado 12-584] No ports matched 'led[13]'. [D:/aulas/cr/projects/p02/Nexys4Alunos.xdc:106]
CRITICAL WARNING: [Common 17-55] 'set_property' expects at least one object. [D:/aulas/cr/projects/p02/Nexys4Alunos.xdc:106]
Resolution: If [get_<value>] was used to populate the object, check to make sure this command returns at least one valid object.
WARNING: [Vivado 12-584] No ports matched 'led[14]'. [D:/aulas/cr/projects/p02/Nexys4Alunos.xdc:108]
CRITICAL WARNING: [Common 17-55] 'set_property' expects at least one object. [D:/aulas/cr/projects/p02/Nexys4Alunos.xdc:108]
Resolution: If [get_<value>] was used to populate the object, check to make sure this command returns at least one valid object.
WARNING: [Vivado 12-584] No ports matched 'led[14]'. [D:/aulas/cr/projects/p02/Nexys4Alunos.xdc:109]
CRITICAL WARNING: [Common 17-55] 'set_property' expects at least one object. [D:/aulas/cr/projects/p02/Nexys4Alunos.xdc:109]
Resolution: If [get_<value>] was used to populate the object, check to make sure this command returns at least one valid object.
WARNING: [Vivado 12-584] No ports matched 'led[15]'. [D:/aulas/cr/projects/p02/Nexys4Alunos.xdc:111]
CRITICAL WARNING: [Common 17-55] 'set_property' expects at least one object. [D:/aulas/cr/projects/p02/Nexys4Alunos.xdc:111]
Resolution: If [get_<value>] was used to populate the object, check to make sure this command returns at least one valid object.
WARNING: [Vivado 12-584] No ports matched 'led[15]'. [D:/aulas/cr/projects/p02/Nexys4Alunos.xdc:112]
CRITICAL WARNING: [Common 17-55] 'set_property' expects at least one object. [D:/aulas/cr/projects/p02/Nexys4Alunos.xdc:112]
Resolution: If [get_<value>] was used to populate the object, check to make sure this command returns at least one valid object.
WARNING: [Vivado 12-584] No ports matched 'btnC'. [D:/aulas/cr/projects/p02/Nexys4Alunos.xdc:194]
CRITICAL WARNING: [Common 17-55] 'set_property' expects at least one object. [D:/aulas/cr/projects/p02/Nexys4Alunos.xdc:194]
Resolution: If [get_<value>] was used to populate the object, check to make sure this command returns at least one valid object.
WARNING: [Vivado 12-584] No ports matched 'btnC'. [D:/aulas/cr/projects/p02/Nexys4Alunos.xdc:195]
CRITICAL WARNING: [Common 17-55] 'set_property' expects at least one object. [D:/aulas/cr/projects/p02/Nexys4Alunos.xdc:195]
Resolution: If [get_<value>] was used to populate the object, check to make sure this command returns at least one valid object.
WARNING: [Vivado 12-584] No ports matched 'btnU'. [D:/aulas/cr/projects/p02/Nexys4Alunos.xdc:197]
CRITICAL WARNING: [Common 17-55] 'set_property' expects at least one object. [D:/aulas/cr/projects/p02/Nexys4Alunos.xdc:197]
Resolution: If [get_<value>] was used to populate the object, check to make sure this command returns at least one valid object.
WARNING: [Vivado 12-584] No ports matched 'btnU'. [D:/aulas/cr/projects/p02/Nexys4Alunos.xdc:198]
CRITICAL WARNING: [Common 17-55] 'set_property' expects at least one object. [D:/aulas/cr/projects/p02/Nexys4Alunos.xdc:198]
Resolution: If [get_<value>] was used to populate the object, check to make sure this command returns at least one valid object.
WARNING: [Vivado 12-584] No ports matched 'btnL'. [D:/aulas/cr/projects/p02/Nexys4Alunos.xdc:200]
CRITICAL WARNING: [Common 17-55] 'set_property' expects at least one object. [D:/aulas/cr/projects/p02/Nexys4Alunos.xdc:200]
Resolution: If [get_<value>] was used to populate the object, check to make sure this command returns at least one valid object.
WARNING: [Vivado 12-584] No ports matched 'btnL'. [D:/aulas/cr/projects/p02/Nexys4Alunos.xdc:201]
CRITICAL WARNING: [Common 17-55] 'set_property' expects at least one object. [D:/aulas/cr/projects/p02/Nexys4Alunos.xdc:201]
Resolution: If [get_<value>] was used to populate the object, check to make sure this command returns at least one valid object.
WARNING: [Vivado 12-584] No ports matched 'btnR'. [D:/aulas/cr/projects/p02/Nexys4Alunos.xdc:203]
CRITICAL WARNING: [Common 17-55] 'set_property' expects at least one object. [D:/aulas/cr/projects/p02/Nexys4Alunos.xdc:203]
Resolution: If [get_<value>] was used to populate the object, check to make sure this command returns at least one valid object.
WARNING: [Vivado 12-584] No ports matched 'btnR'. [D:/aulas/cr/projects/p02/Nexys4Alunos.xdc:204]
CRITICAL WARNING: [Common 17-55] 'set_property' expects at least one object. [D:/aulas/cr/projects/p02/Nexys4Alunos.xdc:204]
Resolution: If [get_<value>] was used to populate the object, check to make sure this command returns at least one valid object.
WARNING: [Vivado 12-584] No ports matched 'btnD'. [D:/aulas/cr/projects/p02/Nexys4Alunos.xdc:206]
CRITICAL WARNING: [Common 17-55] 'set_property' expects at least one object. [D:/aulas/cr/projects/p02/Nexys4Alunos.xdc:206]
Resolution: If [get_<value>] was used to populate the object, check to make sure this command returns at least one valid object.
WARNING: [Vivado 12-584] No ports matched 'btnD'. [D:/aulas/cr/projects/p02/Nexys4Alunos.xdc:207]
CRITICAL WARNING: [Common 17-55] 'set_property' expects at least one object. [D:/aulas/cr/projects/p02/Nexys4Alunos.xdc:207]
Resolution: If [get_<value>] was used to populate the object, check to make sure this command returns at least one valid object.
Finished Parsing XDC File [D:/aulas/cr/projects/p02/Nexys4Alunos.xdc]
INFO: [Project 1-236] Implementation specific constraints were found while reading constraint file [D:/aulas/cr/projects/p02/Nexys4Alunos.xdc]. These constraints will be ignored for synthesis but will be used in implementation. Impacted constraints are listed in the file [.Xil/e4_MaxValue_propImpl.xdc].
Resolution: To avoid this warning, move constraints listed in [.Xil/e4_MaxValue_propImpl.xdc] to another XDC file and exclude this new file from synthesis with the used_in_synthesis property (File Properties dialog in GUI) and re-run elaboration/synthesis.
Netlist sorting complete. Time (s): cpu = 00:00:00 ; elapsed = 00:00:00 . Memory (MB): peak = 844.863 ; gain = 0.000
Completed Processing XDC Constraints

Netlist sorting complete. Time (s): cpu = 00:00:00 ; elapsed = 00:00:00.001 . Memory (MB): peak = 844.863 ; gain = 0.000
INFO: [Project 1-111] Unisim Transformation Summary:
No Unisim elements were transformed.

Netlist sorting complete. Time (s): cpu = 00:00:00 ; elapsed = 00:00:00 . Memory (MB): peak = 844.863 ; gain = 0.000
Constraint Validation Runtime : Time (s): cpu = 00:00:00 ; elapsed = 00:00:00.007 . Memory (MB): peak = 844.863 ; gain = 0.000
---------------------------------------------------------------------------------
Finished Constraint Validation : Time (s): cpu = 00:00:19 ; elapsed = 00:00:25 . Memory (MB): peak = 844.863 ; gain = 480.203
---------------------------------------------------------------------------------
---------------------------------------------------------------------------------
Start Loading Part and Timing Information
---------------------------------------------------------------------------------
Loading part: xc7a100tcsg324-1
---------------------------------------------------------------------------------
Finished Loading Part and Timing Information : Time (s): cpu = 00:00:19 ; elapsed = 00:00:25 . Memory (MB): peak = 844.863 ; gain = 480.203
---------------------------------------------------------------------------------
---------------------------------------------------------------------------------
Start Applying 'set_property' XDC Constraints
---------------------------------------------------------------------------------
---------------------------------------------------------------------------------
Finished applying 'set_property' XDC Constraints : Time (s): cpu = 00:00:19 ; elapsed = 00:00:25 . Memory (MB): peak = 844.863 ; gain = 480.203
---------------------------------------------------------------------------------
WARNING: [Synth 8-327] inferring latch for variable 's_val_reg' [D:/aulas/cr/projects/p02/p02.srcs/sources_1/new/e4_MaxValue.vhd:38]
---------------------------------------------------------------------------------
Finished RTL Optimization Phase 2 : Time (s): cpu = 00:00:19 ; elapsed = 00:00:25 . Memory (MB): peak = 844.863 ; gain = 480.203
---------------------------------------------------------------------------------

Report RTL Partitions: 
+-+--------------+------------+----------+
| |RTL Partition |Replication |Instances |
+-+--------------+------------+----------+
+-+--------------+------------+----------+
---------------------------------------------------------------------------------
Start RTL Component Statistics 
---------------------------------------------------------------------------------
Detailed RTL Component Info : 
+---Muxes : 
	   2 Input      4 Bit        Muxes := 3     
	   2 Input      1 Bit        Muxes := 3     
---------------------------------------------------------------------------------
Finished RTL Component Statistics 
---------------------------------------------------------------------------------
---------------------------------------------------------------------------------
Start RTL Hierarchical Component Statistics 
---------------------------------------------------------------------------------
Hierarchical RTL Component report 
Module e4_MaxValue 
Detailed RTL Component Info : 
+---Muxes : 
	   2 Input      4 Bit        Muxes := 3     
	   2 Input      1 Bit        Muxes := 3     
---------------------------------------------------------------------------------
Finished RTL Hierarchical Component Statistics
---------------------------------------------------------------------------------
---------------------------------------------------------------------------------
Start Part Resource Summary
---------------------------------------------------------------------------------
Part Resources:
DSPs: 240 (col length:80)
BRAMs: 270 (col length: RAMB18 80 RAMB36 40)
---------------------------------------------------------------------------------
Finished Part Resource Summary
---------------------------------------------------------------------------------
---------------------------------------------------------------------------------
Start Cross Boundary and Area Optimization
---------------------------------------------------------------------------------
Warning: Parallel synthesis criteria is not met 
INFO: [Synth 8-5544] ROM "p_0_out" won't be mapped to Block RAM because address size (4) smaller than threshold (5)
WARNING: [Synth 8-3917] design e4_MaxValue has port an[7] driven by constant 1
WARNING: [Synth 8-3917] design e4_MaxValue has port an[6] driven by constant 1
WARNING: [Synth 8-3917] design e4_MaxValue has port an[5] driven by constant 1
WARNING: [Synth 8-3917] design e4_MaxValue has port an[4] driven by constant 1
WARNING: [Synth 8-3917] design e4_MaxValue has port an[3] driven by constant 1
WARNING: [Synth 8-3917] design e4_MaxValue has port an[2] driven by constant 1
WARNING: [Synth 8-3917] design e4_MaxValue has port an[1] driven by constant 1
WARNING: [Synth 8-3917] design e4_MaxValue has port an[0] driven by constant 0
---------------------------------------------------------------------------------
Finished Cross Boundary and Area Optimization : Time (s): cpu = 00:00:22 ; elapsed = 00:00:29 . Memory (MB): peak = 844.863 ; gain = 480.203
---------------------------------------------------------------------------------

Report RTL Partitions: 
+-+--------------+------------+----------+
| |RTL Partition |Replication |Instances |
+-+--------------+------------+----------+
+-+--------------+------------+----------+
---------------------------------------------------------------------------------
Start Applying XDC Timing Constraints
---------------------------------------------------------------------------------
---------------------------------------------------------------------------------
Finished Applying XDC Timing Constraints : Time (s): cpu = 00:00:36 ; elapsed = 00:00:45 . Memory (MB): peak = 857.102 ; gain = 492.441
---------------------------------------------------------------------------------
---------------------------------------------------------------------------------
Start Timing Optimization
---------------------------------------------------------------------------------
---------------------------------------------------------------------------------
Finished Timing Optimization : Time (s): cpu = 00:00:36 ; elapsed = 00:00:45 . Memory (MB): peak = 857.102 ; gain = 492.441
---------------------------------------------------------------------------------

Report RTL Partitions: 
+-+--------------+------------+----------+
| |RTL Partition |Replication |Instances |
+-+--------------+------------+----------+
+-+--------------+------------+----------+
---------------------------------------------------------------------------------
Start Technology Mapping
---------------------------------------------------------------------------------
---------------------------------------------------------------------------------
Finished Technology Mapping : Time (s): cpu = 00:00:36 ; elapsed = 00:00:45 . Memory (MB): peak = 867.695 ; gain = 503.035
---------------------------------------------------------------------------------

Report RTL Partitions: 
+-+--------------+------------+----------+
| |RTL Partition |Replication |Instances |
+-+--------------+------------+----------+
+-+--------------+------------+----------+
---------------------------------------------------------------------------------
Start IO Insertion
---------------------------------------------------------------------------------
---------------------------------------------------------------------------------
Start Flattening Before IO Insertion
---------------------------------------------------------------------------------
---------------------------------------------------------------------------------
Finished Flattening Before IO Insertion
---------------------------------------------------------------------------------
---------------------------------------------------------------------------------
Start Final Netlist Cleanup
---------------------------------------------------------------------------------
---------------------------------------------------------------------------------
Finished Final Netlist Cleanup
---------------------------------------------------------------------------------
---------------------------------------------------------------------------------
Finished IO Insertion : Time (s): cpu = 00:00:38 ; elapsed = 00:00:48 . Memory (MB): peak = 867.695 ; gain = 503.035
---------------------------------------------------------------------------------

Report Check Netlist: 
+------+------------------+-------+---------+-------+------------------+
|      |Item              |Errors |Warnings |Status |Description       |
+------+------------------+-------+---------+-------+------------------+
|1     |multi_driven_nets |      0|        0|Passed |Multi driven nets |
+------+------------------+-------+---------+-------+------------------+
---------------------------------------------------------------------------------
Start Renaming Generated Instances
---------------------------------------------------------------------------------
---------------------------------------------------------------------------------
Finished Renaming Generated Instances : Time (s): cpu = 00:00:38 ; elapsed = 00:00:48 . Memory (MB): peak = 867.695 ; gain = 503.035
---------------------------------------------------------------------------------

Report RTL Partitions: 
+-+--------------+------------+----------+
| |RTL Partition |Replication |Instances |
+-+--------------+------------+----------+
+-+--------------+------------+----------+
---------------------------------------------------------------------------------
Start Rebuilding User Hierarchy
---------------------------------------------------------------------------------
---------------------------------------------------------------------------------
Finished Rebuilding User Hierarchy : Time (s): cpu = 00:00:38 ; elapsed = 00:00:48 . Memory (MB): peak = 867.695 ; gain = 503.035
---------------------------------------------------------------------------------
---------------------------------------------------------------------------------
Start Renaming Generated Ports
---------------------------------------------------------------------------------
---------------------------------------------------------------------------------
Finished Renaming Generated Ports : Time (s): cpu = 00:00:38 ; elapsed = 00:00:48 . Memory (MB): peak = 867.695 ; gain = 503.035
---------------------------------------------------------------------------------
---------------------------------------------------------------------------------
Start Handling Custom Attributes
---------------------------------------------------------------------------------
---------------------------------------------------------------------------------
Finished Handling Custom Attributes : Time (s): cpu = 00:00:38 ; elapsed = 00:00:48 . Memory (MB): peak = 867.695 ; gain = 503.035
---------------------------------------------------------------------------------
---------------------------------------------------------------------------------
Start Renaming Generated Nets
---------------------------------------------------------------------------------
---------------------------------------------------------------------------------
Finished Renaming Generated Nets : Time (s): cpu = 00:00:38 ; elapsed = 00:00:48 . Memory (MB): peak = 867.695 ; gain = 503.035
---------------------------------------------------------------------------------
---------------------------------------------------------------------------------
Start Writing Synthesis Report
---------------------------------------------------------------------------------

Report BlackBoxes: 
+-+--------------+----------+
| |BlackBox name |Instances |
+-+--------------+----------+
+-+--------------+----------+

Report Cell Usage: 
+------+-----+------+
|      |Cell |Count |
+------+-----+------+
|1     |LUT4 |    12|
|2     |LUT5 |     9|
|3     |LUT6 |    15|
|4     |LD   |     4|
|5     |IBUF |    16|
|6     |OBUF |    15|
+------+-----+------+

Report Instance Areas: 
+------+---------+-------+------+
|      |Instance |Module |Cells |
+------+---------+-------+------+
|1     |top      |       |    71|
+------+---------+-------+------+
---------------------------------------------------------------------------------
Finished Writing Synthesis Report : Time (s): cpu = 00:00:38 ; elapsed = 00:00:48 . Memory (MB): peak = 867.695 ; gain = 503.035
---------------------------------------------------------------------------------
Synthesis finished with 0 errors, 0 critical warnings and 9 warnings.
Synthesis Optimization Runtime : Time (s): cpu = 00:00:24 ; elapsed = 00:00:36 . Memory (MB): peak = 867.695 ; gain = 180.488
Synthesis Optimization Complete : Time (s): cpu = 00:00:39 ; elapsed = 00:00:48 . Memory (MB): peak = 867.695 ; gain = 503.035
INFO: [Project 1-571] Translating synthesized netlist
INFO: [Netlist 29-17] Analyzing 4 Unisim elements for replacement
INFO: [Netlist 29-28] Unisim Transformation completed in 0 CPU seconds
INFO: [Project 1-570] Preparing netlist for logic optimization
INFO: [Opt 31-138] Pushed 0 inverter(s) to 0 load pin(s).
Netlist sorting complete. Time (s): cpu = 00:00:00 ; elapsed = 00:00:00 . Memory (MB): peak = 881.090 ; gain = 0.000
INFO: [Project 1-111] Unisim Transformation Summary:
  A total of 4 instances were transformed.
  LD => LDCE: 4 instances

INFO: [Common 17-83] Releasing license: Synthesis
22 Infos, 58 Warnings, 44 Critical Warnings and 0 Errors encountered.
synth_design completed successfully
synth_design: Time (s): cpu = 00:00:41 ; elapsed = 00:00:52 . Memory (MB): peak = 881.090 ; gain = 529.680
Netlist sorting complete. Time (s): cpu = 00:00:00 ; elapsed = 00:00:00 . Memory (MB): peak = 881.090 ; gain = 0.000
WARNING: [Constraints 18-5210] No constraints selected for write.
Resolution: This message can indicate that there are no constraints for the design, or it can indicate that the used_in flags are set such that the constraints are ignored. This later case is used when running synth_design to not write synthesis constraints to the resulting checkpoint. Instead, project constraints are read when the synthesized design is opened.
INFO: [Common 17-1381] The checkpoint 'D:/aulas/cr/projects/p02/p02.runs/synth_1/e4_MaxValue.dcp' has been generated.
INFO: [runtcl-4] Executing : report_utilization -file e4_MaxValue_utilization_synth.rpt -pb e4_MaxValue_utilization_synth.pb
INFO: [Common 17-206] Exiting Vivado at Thu Mar  7 17:36:25 2019...
